{"F:\\coding projects\\논문 작성 서포터\\app\\src\\core\\academic-api\\kciClient.ts": {"path":"F:\\coding projects\\논문 작성 서포터\\app\\src\\core\\academic-api\\kciClient.ts","all":false,"statementMap":{"0":{"start":{"line":1,"column":0},"end":{"line":1,"column":3}},"25":{"start":{"line":26,"column":0},"end":{"line":26,"column":71}},"27":{"start":{"line":28,"column":0},"end":{"line":28,"column":58}},"28":{"start":{"line":29,"column":0},"end":{"line":29,"column":56}},"29":{"start":{"line":30,"column":0},"end":{"line":30,"column":53}},"30":{"start":{"line":31,"column":0},"end":{"line":31,"column":51}},"31":{"start":{"line":32,"column":0},"end":{"line":32,"column":45}},"32":{"start":{"line":33,"column":0},"end":{"line":33,"column":52}},"34":{"start":{"line":35,"column":0},"end":{"line":35,"column":50}},"35":{"start":{"line":36,"column":0},"end":{"line":36,"column":35}},"37":{"start":{"line":38,"column":0},"end":{"line":38,"column":65}},"39":{"start":{"line":40,"column":0},"end":{"line":40,"column":76}},"40":{"start":{"line":41,"column":0},"end":{"line":41,"column":44}},"42":{"start":{"line":43,"column":0},"end":{"line":43,"column":32}},"43":{"start":{"line":44,"column":0},"end":{"line":44,"column":76}},"44":{"start":{"line":45,"column":0},"end":{"line":45,"column":5}},"46":{"start":{"line":47,"column":0},"end":{"line":47,"column":67}},"47":{"start":{"line":48,"column":0},"end":{"line":48,"column":52}},"49":{"start":{"line":50,"column":0},"end":{"line":50,"column":53}},"50":{"start":{"line":51,"column":0},"end":{"line":51,"column":80}},"51":{"start":{"line":52,"column":0},"end":{"line":52,"column":25}},"52":{"start":{"line":53,"column":0},"end":{"line":53,"column":93}},"53":{"start":{"line":54,"column":0},"end":{"line":54,"column":7}},"55":{"start":{"line":56,"column":0},"end":{"line":56,"column":41}},"56":{"start":{"line":57,"column":0},"end":{"line":57,"column":46}},"57":{"start":{"line":58,"column":0},"end":{"line":58,"column":28}},"58":{"start":{"line":59,"column":0},"end":{"line":59,"column":72}},"59":{"start":{"line":60,"column":0},"end":{"line":60,"column":7}},"60":{"start":{"line":61,"column":0},"end":{"line":61,"column":35}},"61":{"start":{"line":62,"column":0},"end":{"line":62,"column":7}},"62":{"start":{"line":63,"column":0},"end":{"line":63,"column":3}},"64":{"start":{"line":65,"column":0},"end":{"line":65,"column":58}},"65":{"start":{"line":66,"column":0},"end":{"line":66,"column":63}},"66":{"start":{"line":67,"column":0},"end":{"line":67,"column":41}},"67":{"start":{"line":68,"column":0},"end":{"line":68,"column":53}},"68":{"start":{"line":69,"column":0},"end":{"line":69,"column":30}},"69":{"start":{"line":70,"column":0},"end":{"line":70,"column":62}},"70":{"start":{"line":71,"column":0},"end":{"line":71,"column":5}},"71":{"start":{"line":72,"column":0},"end":{"line":72,"column":26}},"72":{"start":{"line":73,"column":0},"end":{"line":73,"column":3}},"73":{"start":{"line":74,"column":0},"end":{"line":74,"column":1}},"81":{"start":{"line":82,"column":0},"end":{"line":82,"column":74}},"82":{"start":{"line":83,"column":0},"end":{"line":83,"column":29}},"83":{"start":{"line":84,"column":0},"end":{"line":84,"column":55}},"84":{"start":{"line":85,"column":0},"end":{"line":85,"column":16}},"85":{"start":{"line":86,"column":0},"end":{"line":86,"column":3}},"87":{"start":{"line":88,"column":0},"end":{"line":88,"column":104}},"88":{"start":{"line":89,"column":0},"end":{"line":89,"column":32}},"89":{"start":{"line":90,"column":0},"end":{"line":90,"column":16}},"90":{"start":{"line":91,"column":0},"end":{"line":91,"column":3}},"92":{"start":{"line":93,"column":0},"end":{"line":93,"column":37}},"93":{"start":{"line":94,"column":0},"end":{"line":94,"column":54}},"94":{"start":{"line":95,"column":0},"end":{"line":95,"column":48}},"95":{"start":{"line":96,"column":0},"end":{"line":96,"column":96}},"97":{"start":{"line":98,"column":0},"end":{"line":98,"column":17}},"98":{"start":{"line":99,"column":0},"end":{"line":99,"column":20}},"99":{"start":{"line":100,"column":0},"end":{"line":100,"column":68}},"100":{"start":{"line":101,"column":0},"end":{"line":101,"column":12}},"101":{"start":{"line":102,"column":0},"end":{"line":102,"column":60}},"102":{"start":{"line":103,"column":0},"end":{"line":103,"column":52}},"103":{"start":{"line":104,"column":0},"end":{"line":104,"column":49}},"104":{"start":{"line":105,"column":0},"end":{"line":105,"column":59}},"105":{"start":{"line":106,"column":0},"end":{"line":106,"column":40}},"106":{"start":{"line":107,"column":0},"end":{"line":107,"column":66}},"107":{"start":{"line":108,"column":0},"end":{"line":108,"column":7}},"108":{"start":{"line":109,"column":0},"end":{"line":109,"column":38}},"109":{"start":{"line":110,"column":0},"end":{"line":110,"column":3}},"111":{"start":{"line":112,"column":0},"end":{"line":112,"column":43}},"112":{"start":{"line":113,"column":0},"end":{"line":113,"column":1}},"114":{"start":{"line":115,"column":0},"end":{"line":115,"column":69}},"115":{"start":{"line":116,"column":0},"end":{"line":116,"column":31}},"116":{"start":{"line":117,"column":0},"end":{"line":117,"column":101}},"117":{"start":{"line":118,"column":0},"end":{"line":118,"column":37}},"118":{"start":{"line":119,"column":0},"end":{"line":119,"column":37}},"119":{"start":{"line":120,"column":0},"end":{"line":120,"column":28}},"120":{"start":{"line":121,"column":0},"end":{"line":121,"column":3}},"121":{"start":{"line":122,"column":0},"end":{"line":122,"column":14}},"122":{"start":{"line":123,"column":0},"end":{"line":123,"column":1}},"124":{"start":{"line":125,"column":0},"end":{"line":125,"column":53}},"125":{"start":{"line":126,"column":0},"end":{"line":126,"column":30}},"126":{"start":{"line":127,"column":0},"end":{"line":127,"column":12}},"127":{"start":{"line":128,"column":0},"end":{"line":128,"column":19}},"128":{"start":{"line":129,"column":0},"end":{"line":129,"column":31}},"129":{"start":{"line":130,"column":0},"end":{"line":130,"column":39}},"130":{"start":{"line":131,"column":0},"end":{"line":131,"column":1}},"132":{"start":{"line":133,"column":0},"end":{"line":133,"column":55}},"133":{"start":{"line":134,"column":0},"end":{"line":134,"column":32}},"134":{"start":{"line":135,"column":0},"end":{"line":135,"column":35}},"135":{"start":{"line":136,"column":0},"end":{"line":136,"column":26}},"136":{"start":{"line":137,"column":0},"end":{"line":137,"column":45}},"137":{"start":{"line":138,"column":0},"end":{"line":138,"column":45}},"138":{"start":{"line":139,"column":0},"end":{"line":139,"column":1}},"140":{"start":{"line":141,"column":0},"end":{"line":141,"column":56}},"141":{"start":{"line":142,"column":0},"end":{"line":142,"column":32}},"142":{"start":{"line":143,"column":0},"end":{"line":143,"column":41}},"143":{"start":{"line":144,"column":0},"end":{"line":144,"column":47}},"144":{"start":{"line":145,"column":0},"end":{"line":145,"column":1}}},"s":{"0":1,"25":1,"27":1,"28":1,"29":1,"30":1,"31":1,"32":1,"34":1,"35":1,"37":1,"39":1,"40":11,"42":11,"43":5,"44":5,"46":9,"47":11,"49":11,"50":6,"51":6,"52":2,"53":2,"55":2,"56":2,"57":6,"58":1,"59":1,"60":1,"61":11,"62":11,"64":1,"65":6,"66":6,"67":6,"68":6,"69":0,"70":0,"71":6,"72":6,"73":1,"81":2,"82":2,"83":2,"84":0,"85":0,"87":2,"88":2,"89":1,"90":1,"92":1,"93":2,"94":2,"95":2,"97":2,"98":2,"99":2,"100":2,"101":2,"102":2,"103":2,"104":2,"105":2,"106":2,"107":2,"108":2,"109":2,"111":2,"112":2,"114":16,"115":16,"116":28,"117":28,"118":28,"119":28,"120":28,"121":10,"122":10,"124":2,"125":2,"126":2,"127":2,"128":2,"129":2,"130":2,"132":2,"133":2,"134":2,"135":2,"136":2,"137":2,"138":2,"140":2,"141":2,"142":0,"143":2,"144":2},"branchMap":{"0":{"type":"branch","line":38,"loc":{"start":{"line":38,"column":2},"end":{"line":38,"column":65}},"locations":[{"start":{"line":38,"column":2},"end":{"line":38,"column":65}}]},"1":{"type":"branch","line":38,"loc":{"start":{"line":38,"column":64},"end":{"line":38,"column":65}},"locations":[{"start":{"line":38,"column":64},"end":{"line":38,"column":65}}]},"2":{"type":"branch","line":40,"loc":{"start":{"line":40,"column":2},"end":{"line":63,"column":3}},"locations":[{"start":{"line":40,"column":2},"end":{"line":63,"column":3}}]},"3":{"type":"branch","line":41,"loc":{"start":{"line":41,"column":31},"end":{"line":41,"column":42}},"locations":[{"start":{"line":41,"column":31},"end":{"line":41,"column":42}}]},"4":{"type":"branch","line":43,"loc":{"start":{"line":43,"column":31},"end":{"line":45,"column":5}},"locations":[{"start":{"line":43,"column":31},"end":{"line":45,"column":5}}]},"5":{"type":"branch","line":45,"loc":{"start":{"line":45,"column":4},"end":{"line":47,"column":67}},"locations":[{"start":{"line":45,"column":4},"end":{"line":47,"column":67}}]},"6":{"type":"branch","line":45,"loc":{"start":{"line":45,"column":4},"end":{"line":47,"column":48}},"locations":[{"start":{"line":45,"column":4},"end":{"line":47,"column":48}}]},"7":{"type":"branch","line":47,"loc":{"start":{"line":47,"column":35},"end":{"line":47,"column":67}},"locations":[{"start":{"line":47,"column":35},"end":{"line":47,"column":67}}]},"8":{"type":"branch","line":48,"loc":{"start":{"line":48,"column":35},"end":{"line":48,"column":52}},"locations":[{"start":{"line":48,"column":35},"end":{"line":48,"column":52}}]},"9":{"type":"branch","line":50,"loc":{"start":{"line":50,"column":34},"end":{"line":62,"column":5}},"locations":[{"start":{"line":50,"column":34},"end":{"line":62,"column":5}}]},"10":{"type":"branch","line":51,"loc":{"start":{"line":51,"column":78},"end":{"line":52,"column":24}},"locations":[{"start":{"line":51,"column":78},"end":{"line":52,"column":24}}]},"11":{"type":"branch","line":52,"loc":{"start":{"line":52,"column":24},"end":{"line":58,"column":27}},"locations":[{"start":{"line":52,"column":24},"end":{"line":58,"column":27}}]},"12":{"type":"branch","line":58,"loc":{"start":{"line":58,"column":27},"end":{"line":61,"column":35}},"locations":[{"start":{"line":58,"column":27},"end":{"line":61,"column":35}}]},"13":{"type":"branch","line":65,"loc":{"start":{"line":65,"column":10},"end":{"line":73,"column":3}},"locations":[{"start":{"line":65,"column":10},"end":{"line":73,"column":3}}]},"14":{"type":"branch","line":69,"loc":{"start":{"line":69,"column":29},"end":{"line":71,"column":5}},"locations":[{"start":{"line":69,"column":29},"end":{"line":71,"column":5}}]},"15":{"type":"branch","line":82,"loc":{"start":{"line":82,"column":0},"end":{"line":113,"column":1}},"locations":[{"start":{"line":82,"column":0},"end":{"line":113,"column":1}}]},"16":{"type":"branch","line":84,"loc":{"start":{"line":84,"column":54},"end":{"line":86,"column":3}},"locations":[{"start":{"line":84,"column":54},"end":{"line":86,"column":3}}]},"17":{"type":"branch","line":89,"loc":{"start":{"line":89,"column":31},"end":{"line":94,"column":53}},"locations":[{"start":{"line":89,"column":31},"end":{"line":94,"column":53}}]},"18":{"type":"branch","line":96,"loc":{"start":{"line":96,"column":24},"end":{"line":96,"column":96}},"locations":[{"start":{"line":96,"column":24},"end":{"line":96,"column":96}}]},"19":{"type":"branch","line":109,"loc":{"start":{"line":109,"column":32},"end":{"line":109,"column":38}},"locations":[{"start":{"line":109,"column":32},"end":{"line":109,"column":38}}]},"20":{"type":"branch","line":110,"loc":{"start":{"line":110,"column":2},"end":{"line":112,"column":38}},"locations":[{"start":{"line":110,"column":2},"end":{"line":112,"column":38}}]},"21":{"type":"branch","line":112,"loc":{"start":{"line":112,"column":29},"end":{"line":112,"column":43}},"locations":[{"start":{"line":112,"column":29},"end":{"line":112,"column":43}}]},"22":{"type":"branch","line":88,"loc":{"start":{"line":88,"column":77},"end":{"line":88,"column":102}},"locations":[{"start":{"line":88,"column":77},"end":{"line":88,"column":102}}]},"23":{"type":"branch","line":88,"loc":{"start":{"line":88,"column":95},"end":{"line":88,"column":102}},"locations":[{"start":{"line":88,"column":95},"end":{"line":88,"column":102}}]},"24":{"type":"branch","line":115,"loc":{"start":{"line":115,"column":0},"end":{"line":123,"column":1}},"locations":[{"start":{"line":115,"column":0},"end":{"line":123,"column":1}}]},"25":{"type":"branch","line":116,"loc":{"start":{"line":116,"column":30},"end":{"line":121,"column":3}},"locations":[{"start":{"line":116,"column":30},"end":{"line":121,"column":3}}]},"26":{"type":"branch","line":119,"loc":{"start":{"line":119,"column":18},"end":{"line":119,"column":35}},"locations":[{"start":{"line":119,"column":18},"end":{"line":119,"column":35}}]},"27":{"type":"branch","line":120,"loc":{"start":{"line":120,"column":15},"end":{"line":120,"column":28}},"locations":[{"start":{"line":120,"column":15},"end":{"line":120,"column":28}}]},"28":{"type":"branch","line":121,"loc":{"start":{"line":121,"column":2},"end":{"line":123,"column":1}},"locations":[{"start":{"line":121,"column":2},"end":{"line":123,"column":1}}]},"29":{"type":"branch","line":125,"loc":{"start":{"line":125,"column":0},"end":{"line":131,"column":1}},"locations":[{"start":{"line":125,"column":0},"end":{"line":131,"column":1}}]},"30":{"type":"branch","line":126,"loc":{"start":{"line":126,"column":20},"end":{"line":126,"column":30}},"locations":[{"start":{"line":126,"column":20},"end":{"line":126,"column":30}}]},"31":{"type":"branch","line":129,"loc":{"start":{"line":129,"column":9},"end":{"line":129,"column":30}},"locations":[{"start":{"line":129,"column":9},"end":{"line":129,"column":30}}]},"32":{"type":"branch","line":130,"loc":{"start":{"line":130,"column":12},"end":{"line":130,"column":37}},"locations":[{"start":{"line":130,"column":12},"end":{"line":130,"column":37}}]},"33":{"type":"branch","line":133,"loc":{"start":{"line":133,"column":0},"end":{"line":139,"column":1}},"locations":[{"start":{"line":133,"column":0},"end":{"line":139,"column":1}}]},"34":{"type":"branch","line":134,"loc":{"start":{"line":134,"column":20},"end":{"line":134,"column":32}},"locations":[{"start":{"line":134,"column":20},"end":{"line":134,"column":32}}]},"35":{"type":"branch","line":136,"loc":{"start":{"line":136,"column":14},"end":{"line":136,"column":26}},"locations":[{"start":{"line":136,"column":14},"end":{"line":136,"column":26}}]},"36":{"type":"branch","line":138,"loc":{"start":{"line":138,"column":33},"end":{"line":138,"column":45}},"locations":[{"start":{"line":138,"column":33},"end":{"line":138,"column":45}}]},"37":{"type":"branch","line":141,"loc":{"start":{"line":141,"column":0},"end":{"line":145,"column":1}},"locations":[{"start":{"line":141,"column":0},"end":{"line":145,"column":1}}]},"38":{"type":"branch","line":142,"loc":{"start":{"line":142,"column":27},"end":{"line":144,"column":42}},"locations":[{"start":{"line":142,"column":27},"end":{"line":144,"column":42}}]},"39":{"type":"branch","line":144,"loc":{"start":{"line":144,"column":34},"end":{"line":144,"column":47}},"locations":[{"start":{"line":144,"column":34},"end":{"line":144,"column":47}}]}},"b":{"0":[10],"1":[10],"2":[11],"3":[4],"4":[5],"5":[9],"6":[6],"7":[5],"8":[0],"9":[6],"10":[4],"11":[2],"12":[1],"13":[6],"14":[0],"15":[2],"16":[0],"17":[1],"18":[0],"19":[0],"20":[1],"21":[0],"22":[2],"23":[0],"24":[16],"25":[28],"26":[6],"27":[6],"28":[10],"29":[2],"30":[0],"31":[3],"32":[3],"33":[2],"34":[0],"35":[0],"36":[0],"37":[2],"38":[0],"39":[0]},"fnMap":{"0":{"name":"KciClient","decl":{"start":{"line":38,"column":2},"end":{"line":38,"column":65}},"loc":{"start":{"line":38,"column":2},"end":{"line":38,"column":65}},"line":38},"1":{"name":"<instance_members_initializer>","decl":{"start":{"line":38,"column":64},"end":{"line":38,"column":65}},"loc":{"start":{"line":38,"column":64},"end":{"line":38,"column":65}},"line":38},"2":{"name":"search","decl":{"start":{"line":40,"column":2},"end":{"line":63,"column":3}},"loc":{"start":{"line":40,"column":2},"end":{"line":63,"column":3}},"line":40},"3":{"name":"buildUrl","decl":{"start":{"line":65,"column":10},"end":{"line":73,"column":3}},"loc":{"start":{"line":65,"column":10},"end":{"line":73,"column":3}},"line":65},"4":{"name":"parseKciXml","decl":{"start":{"line":82,"column":0},"end":{"line":113,"column":1}},"loc":{"start":{"line":82,"column":0},"end":{"line":113,"column":1}},"line":82},"5":{"name":"extractTag","decl":{"start":{"line":115,"column":0},"end":{"line":123,"column":1}},"loc":{"start":{"line":115,"column":0},"end":{"line":123,"column":1}},"line":115},"6":{"name":"splitAuthors","decl":{"start":{"line":125,"column":0},"end":{"line":131,"column":1}},"loc":{"start":{"line":125,"column":0},"end":{"line":131,"column":1}},"line":125},"7":{"name":"parseYear","decl":{"start":{"line":133,"column":0},"end":{"line":139,"column":1}},"loc":{"start":{"line":133,"column":0},"end":{"line":139,"column":1}},"line":133},"8":{"name":"parseCount","decl":{"start":{"line":141,"column":0},"end":{"line":145,"column":1}},"loc":{"start":{"line":141,"column":0},"end":{"line":145,"column":1}},"line":141}},"f":{"0":10,"1":10,"2":11,"3":6,"4":2,"5":16,"6":2,"7":2,"8":2}}
,"F:\\coding projects\\논문 작성 서포터\\app\\src\\core\\academic-api\\mockData.ts": {"path":"F:\\coding projects\\논문 작성 서포터\\app\\src\\core\\academic-api\\mockData.ts","all":false,"statementMap":{"15":{"start":{"line":16,"column":0},"end":{"line":16,"column":49}},"16":{"start":{"line":17,"column":0},"end":{"line":17,"column":3}},"17":{"start":{"line":18,"column":0},"end":{"line":18,"column":46}},"18":{"start":{"line":19,"column":0},"end":{"line":19,"column":41}},"19":{"start":{"line":20,"column":0},"end":{"line":20,"column":40}},"20":{"start":{"line":21,"column":0},"end":{"line":21,"column":77}},"21":{"start":{"line":22,"column":0},"end":{"line":22,"column":145}},"22":{"start":{"line":23,"column":0},"end":{"line":23,"column":24}},"23":{"start":{"line":24,"column":0},"end":{"line":24,"column":4}},"24":{"start":{"line":25,"column":0},"end":{"line":25,"column":3}},"25":{"start":{"line":26,"column":0},"end":{"line":26,"column":46}},"26":{"start":{"line":27,"column":0},"end":{"line":27,"column":40}},"27":{"start":{"line":28,"column":0},"end":{"line":28,"column":33}},"28":{"start":{"line":29,"column":0},"end":{"line":29,"column":67}},"29":{"start":{"line":30,"column":0},"end":{"line":30,"column":141}},"30":{"start":{"line":31,"column":0},"end":{"line":31,"column":24}},"31":{"start":{"line":32,"column":0},"end":{"line":32,"column":4}},"32":{"start":{"line":33,"column":0},"end":{"line":33,"column":3}},"33":{"start":{"line":34,"column":0},"end":{"line":34,"column":46}},"34":{"start":{"line":35,"column":0},"end":{"line":35,"column":41}},"35":{"start":{"line":36,"column":0},"end":{"line":36,"column":47}},"36":{"start":{"line":37,"column":0},"end":{"line":37,"column":69}},"37":{"start":{"line":38,"column":0},"end":{"line":38,"column":148}},"38":{"start":{"line":39,"column":0},"end":{"line":39,"column":24}},"39":{"start":{"line":40,"column":0},"end":{"line":40,"column":4}},"40":{"start":{"line":41,"column":0},"end":{"line":41,"column":3}},"41":{"start":{"line":42,"column":0},"end":{"line":42,"column":46}},"42":{"start":{"line":43,"column":0},"end":{"line":43,"column":35}},"43":{"start":{"line":44,"column":0},"end":{"line":44,"column":33}},"44":{"start":{"line":45,"column":0},"end":{"line":45,"column":72}},"45":{"start":{"line":46,"column":0},"end":{"line":46,"column":140}},"46":{"start":{"line":47,"column":0},"end":{"line":47,"column":24}},"47":{"start":{"line":48,"column":0},"end":{"line":48,"column":4}},"48":{"start":{"line":49,"column":0},"end":{"line":49,"column":3}},"49":{"start":{"line":50,"column":0},"end":{"line":50,"column":46}},"50":{"start":{"line":51,"column":0},"end":{"line":51,"column":41}},"51":{"start":{"line":52,"column":0},"end":{"line":52,"column":40}},"52":{"start":{"line":53,"column":0},"end":{"line":53,"column":75}},"53":{"start":{"line":54,"column":0},"end":{"line":54,"column":145}},"54":{"start":{"line":55,"column":0},"end":{"line":55,"column":24}},"55":{"start":{"line":56,"column":0},"end":{"line":56,"column":4}},"56":{"start":{"line":57,"column":0},"end":{"line":57,"column":3}},"57":{"start":{"line":58,"column":0},"end":{"line":58,"column":46}},"58":{"start":{"line":59,"column":0},"end":{"line":59,"column":41}},"59":{"start":{"line":60,"column":0},"end":{"line":60,"column":33}},"60":{"start":{"line":61,"column":0},"end":{"line":61,"column":75}},"61":{"start":{"line":62,"column":0},"end":{"line":62,"column":143}},"62":{"start":{"line":63,"column":0},"end":{"line":63,"column":24}},"63":{"start":{"line":64,"column":0},"end":{"line":64,"column":4}},"64":{"start":{"line":65,"column":0},"end":{"line":65,"column":3}},"65":{"start":{"line":66,"column":0},"end":{"line":66,"column":46}},"66":{"start":{"line":67,"column":0},"end":{"line":67,"column":41}},"67":{"start":{"line":68,"column":0},"end":{"line":68,"column":40}},"68":{"start":{"line":69,"column":0},"end":{"line":69,"column":69}},"69":{"start":{"line":70,"column":0},"end":{"line":70,"column":151}},"70":{"start":{"line":71,"column":0},"end":{"line":71,"column":24}},"71":{"start":{"line":72,"column":0},"end":{"line":72,"column":4}},"72":{"start":{"line":73,"column":0},"end":{"line":73,"column":2}},"74":{"start":{"line":75,"column":0},"end":{"line":75,"column":55}},"75":{"start":{"line":76,"column":0},"end":{"line":76,"column":3}},"76":{"start":{"line":77,"column":0},"end":{"line":77,"column":58}},"77":{"start":{"line":78,"column":0},"end":{"line":78,"column":40}},"78":{"start":{"line":79,"column":0},"end":{"line":79,"column":40}},"79":{"start":{"line":80,"column":0},"end":{"line":80,"column":80}},"80":{"start":{"line":81,"column":0},"end":{"line":81,"column":111}},"81":{"start":{"line":82,"column":0},"end":{"line":82,"column":21}},"82":{"start":{"line":83,"column":0},"end":{"line":83,"column":4}},"83":{"start":{"line":84,"column":0},"end":{"line":84,"column":3}},"84":{"start":{"line":85,"column":0},"end":{"line":85,"column":58}},"85":{"start":{"line":86,"column":0},"end":{"line":86,"column":39}},"86":{"start":{"line":87,"column":0},"end":{"line":87,"column":33}},"87":{"start":{"line":88,"column":0},"end":{"line":88,"column":70}},"88":{"start":{"line":89,"column":0},"end":{"line":89,"column":111}},"89":{"start":{"line":90,"column":0},"end":{"line":90,"column":21}},"90":{"start":{"line":91,"column":0},"end":{"line":91,"column":4}},"91":{"start":{"line":92,"column":0},"end":{"line":92,"column":3}},"92":{"start":{"line":93,"column":0},"end":{"line":93,"column":58}},"93":{"start":{"line":94,"column":0},"end":{"line":94,"column":36}},"94":{"start":{"line":95,"column":0},"end":{"line":95,"column":47}},"95":{"start":{"line":96,"column":0},"end":{"line":96,"column":73}},"96":{"start":{"line":97,"column":0},"end":{"line":97,"column":110}},"97":{"start":{"line":98,"column":0},"end":{"line":98,"column":21}},"98":{"start":{"line":99,"column":0},"end":{"line":99,"column":4}},"99":{"start":{"line":100,"column":0},"end":{"line":100,"column":3}},"100":{"start":{"line":101,"column":0},"end":{"line":101,"column":58}},"101":{"start":{"line":102,"column":0},"end":{"line":102,"column":41}},"102":{"start":{"line":103,"column":0},"end":{"line":103,"column":33}},"103":{"start":{"line":104,"column":0},"end":{"line":104,"column":66}},"104":{"start":{"line":105,"column":0},"end":{"line":105,"column":109}},"105":{"start":{"line":106,"column":0},"end":{"line":106,"column":21}},"106":{"start":{"line":107,"column":0},"end":{"line":107,"column":4}},"107":{"start":{"line":108,"column":0},"end":{"line":108,"column":3}},"108":{"start":{"line":109,"column":0},"end":{"line":109,"column":58}},"109":{"start":{"line":110,"column":0},"end":{"line":110,"column":45}},"110":{"start":{"line":111,"column":0},"end":{"line":111,"column":40}},"111":{"start":{"line":112,"column":0},"end":{"line":112,"column":77}},"112":{"start":{"line":113,"column":0},"end":{"line":113,"column":112}},"113":{"start":{"line":114,"column":0},"end":{"line":114,"column":21}},"114":{"start":{"line":115,"column":0},"end":{"line":115,"column":4}},"115":{"start":{"line":116,"column":0},"end":{"line":116,"column":3}},"116":{"start":{"line":117,"column":0},"end":{"line":117,"column":58}},"117":{"start":{"line":118,"column":0},"end":{"line":118,"column":41}},"118":{"start":{"line":119,"column":0},"end":{"line":119,"column":33}},"119":{"start":{"line":120,"column":0},"end":{"line":120,"column":64}},"120":{"start":{"line":121,"column":0},"end":{"line":121,"column":109}},"121":{"start":{"line":122,"column":0},"end":{"line":122,"column":21}},"122":{"start":{"line":123,"column":0},"end":{"line":123,"column":4}},"123":{"start":{"line":124,"column":0},"end":{"line":124,"column":3}},"124":{"start":{"line":125,"column":0},"end":{"line":125,"column":58}},"125":{"start":{"line":126,"column":0},"end":{"line":126,"column":39}},"126":{"start":{"line":127,"column":0},"end":{"line":127,"column":40}},"127":{"start":{"line":128,"column":0},"end":{"line":128,"column":73}},"128":{"start":{"line":129,"column":0},"end":{"line":129,"column":112}},"129":{"start":{"line":130,"column":0},"end":{"line":130,"column":21}},"130":{"start":{"line":131,"column":0},"end":{"line":131,"column":4}},"131":{"start":{"line":132,"column":0},"end":{"line":132,"column":2}},"133":{"start":{"line":134,"column":0},"end":{"line":134,"column":62}},"134":{"start":{"line":135,"column":0},"end":{"line":135,"column":3}},"135":{"start":{"line":136,"column":0},"end":{"line":136,"column":77}},"136":{"start":{"line":137,"column":0},"end":{"line":137,"column":94}},"137":{"start":{"line":138,"column":0},"end":{"line":138,"column":48}},"138":{"start":{"line":139,"column":0},"end":{"line":139,"column":127}},"139":{"start":{"line":140,"column":0},"end":{"line":140,"column":95}},"140":{"start":{"line":141,"column":0},"end":{"line":141,"column":22}},"141":{"start":{"line":142,"column":0},"end":{"line":142,"column":4}},"142":{"start":{"line":143,"column":0},"end":{"line":143,"column":3}},"143":{"start":{"line":144,"column":0},"end":{"line":144,"column":78}},"144":{"start":{"line":145,"column":0},"end":{"line":145,"column":87}},"145":{"start":{"line":146,"column":0},"end":{"line":146,"column":63}},"146":{"start":{"line":147,"column":0},"end":{"line":147,"column":129}},"147":{"start":{"line":148,"column":0},"end":{"line":148,"column":120}},"148":{"start":{"line":149,"column":0},"end":{"line":149,"column":22}},"149":{"start":{"line":150,"column":0},"end":{"line":150,"column":4}},"150":{"start":{"line":151,"column":0},"end":{"line":151,"column":3}},"151":{"start":{"line":152,"column":0},"end":{"line":152,"column":77}},"152":{"start":{"line":153,"column":0},"end":{"line":153,"column":87}},"153":{"start":{"line":154,"column":0},"end":{"line":154,"column":39}},"154":{"start":{"line":155,"column":0},"end":{"line":155,"column":132}},"155":{"start":{"line":156,"column":0},"end":{"line":156,"column":112}},"156":{"start":{"line":157,"column":0},"end":{"line":157,"column":22}},"157":{"start":{"line":158,"column":0},"end":{"line":158,"column":4}},"158":{"start":{"line":159,"column":0},"end":{"line":159,"column":3}},"159":{"start":{"line":160,"column":0},"end":{"line":160,"column":78}},"160":{"start":{"line":161,"column":0},"end":{"line":161,"column":86}},"161":{"start":{"line":162,"column":0},"end":{"line":162,"column":52}},"162":{"start":{"line":163,"column":0},"end":{"line":163,"column":116}},"163":{"start":{"line":164,"column":0},"end":{"line":164,"column":97}},"164":{"start":{"line":165,"column":0},"end":{"line":165,"column":22}},"165":{"start":{"line":166,"column":0},"end":{"line":166,"column":4}},"166":{"start":{"line":167,"column":0},"end":{"line":167,"column":3}},"167":{"start":{"line":168,"column":0},"end":{"line":168,"column":78}},"168":{"start":{"line":169,"column":0},"end":{"line":169,"column":98}},"169":{"start":{"line":170,"column":0},"end":{"line":170,"column":39}},"170":{"start":{"line":171,"column":0},"end":{"line":171,"column":130}},"171":{"start":{"line":172,"column":0},"end":{"line":172,"column":120}},"172":{"start":{"line":173,"column":0},"end":{"line":173,"column":22}},"173":{"start":{"line":174,"column":0},"end":{"line":174,"column":4}},"174":{"start":{"line":175,"column":0},"end":{"line":175,"column":3}},"175":{"start":{"line":176,"column":0},"end":{"line":176,"column":78}},"176":{"start":{"line":177,"column":0},"end":{"line":177,"column":84}},"177":{"start":{"line":178,"column":0},"end":{"line":178,"column":51}},"178":{"start":{"line":179,"column":0},"end":{"line":179,"column":130}},"179":{"start":{"line":180,"column":0},"end":{"line":180,"column":124}},"180":{"start":{"line":181,"column":0},"end":{"line":181,"column":21}},"181":{"start":{"line":182,"column":0},"end":{"line":182,"column":4}},"182":{"start":{"line":183,"column":0},"end":{"line":183,"column":3}},"183":{"start":{"line":184,"column":0},"end":{"line":184,"column":78}},"184":{"start":{"line":185,"column":0},"end":{"line":185,"column":75}},"185":{"start":{"line":186,"column":0},"end":{"line":186,"column":42}},"186":{"start":{"line":187,"column":0},"end":{"line":187,"column":126}},"187":{"start":{"line":188,"column":0},"end":{"line":188,"column":114}},"188":{"start":{"line":189,"column":0},"end":{"line":189,"column":22}},"189":{"start":{"line":190,"column":0},"end":{"line":190,"column":4}},"190":{"start":{"line":191,"column":0},"end":{"line":191,"column":2}},"204":{"start":{"line":205,"column":0},"end":{"line":205,"column":106}},"205":{"start":{"line":206,"column":0},"end":{"line":206,"column":45}},"206":{"start":{"line":207,"column":0},"end":{"line":207,"column":29}},"207":{"start":{"line":208,"column":0},"end":{"line":208,"column":34}},"208":{"start":{"line":209,"column":0},"end":{"line":209,"column":3}},"210":{"start":{"line":211,"column":0},"end":{"line":211,"column":74}},"211":{"start":{"line":212,"column":0},"end":{"line":212,"column":44}},"212":{"start":{"line":213,"column":0},"end":{"line":213,"column":103}},"213":{"start":{"line":214,"column":0},"end":{"line":214,"column":60}},"214":{"start":{"line":215,"column":0},"end":{"line":215,"column":5}},"216":{"start":{"line":217,"column":0},"end":{"line":217,"column":65}},"217":{"start":{"line":218,"column":0},"end":{"line":218,"column":1}}},"s":{"15":1,"16":1,"17":1,"18":1,"19":1,"20":1,"21":1,"22":1,"23":1,"24":1,"25":1,"26":1,"27":1,"28":1,"29":1,"30":1,"31":1,"32":1,"33":1,"34":1,"35":1,"36":1,"37":1,"38":1,"39":1,"40":1,"41":1,"42":1,"43":1,"44":1,"45":1,"46":1,"47":1,"48":1,"49":1,"50":1,"51":1,"52":1,"53":1,"54":1,"55":1,"56":1,"57":1,"58":1,"59":1,"60":1,"61":1,"62":1,"63":1,"64":1,"65":1,"66":1,"67":1,"68":1,"69":1,"70":1,"71":1,"72":1,"74":1,"75":1,"76":1,"77":1,"78":1,"79":1,"80":1,"81":1,"82":1,"83":1,"84":1,"85":1,"86":1,"87":1,"88":1,"89":1,"90":1,"91":1,"92":1,"93":1,"94":1,"95":1,"96":1,"97":1,"98":1,"99":1,"100":1,"101":1,"102":1,"103":1,"104":1,"105":1,"106":1,"107":1,"108":1,"109":1,"110":1,"111":1,"112":1,"113":1,"114":1,"115":1,"116":1,"117":1,"118":1,"119":1,"120":1,"121":1,"122":1,"123":1,"124":1,"125":1,"126":1,"127":1,"128":1,"129":1,"130":1,"131":1,"133":1,"134":1,"135":1,"136":1,"137":1,"138":1,"139":1,"140":1,"141":1,"142":1,"143":1,"144":1,"145":1,"146":1,"147":1,"148":1,"149":1,"150":1,"151":1,"152":1,"153":1,"154":1,"155":1,"156":1,"157":1,"158":1,"159":1,"160":1,"161":1,"162":1,"163":1,"164":1,"165":1,"166":1,"167":1,"168":1,"169":1,"170":1,"171":1,"172":1,"173":1,"174":1,"175":1,"176":1,"177":1,"178":1,"179":1,"180":1,"181":1,"182":1,"183":1,"184":1,"185":1,"186":1,"187":1,"188":1,"189":1,"190":1,"204":1,"205":15,"206":15,"207":2,"208":2,"210":13,"211":13,"212":91,"213":91,"214":13,"216":15,"217":15},"branchMap":{"0":{"type":"branch","line":205,"loc":{"start":{"line":205,"column":7},"end":{"line":218,"column":1}},"locations":[{"start":{"line":205,"column":7},"end":{"line":218,"column":1}}]},"1":{"type":"branch","line":207,"loc":{"start":{"line":207,"column":28},"end":{"line":209,"column":3}},"locations":[{"start":{"line":207,"column":28},"end":{"line":209,"column":3}}]},"2":{"type":"branch","line":209,"loc":{"start":{"line":209,"column":2},"end":{"line":217,"column":41}},"locations":[{"start":{"line":209,"column":2},"end":{"line":217,"column":41}}]},"3":{"type":"branch","line":217,"loc":{"start":{"line":217,"column":27},"end":{"line":217,"column":41}},"locations":[{"start":{"line":217,"column":27},"end":{"line":217,"column":41}}]},"4":{"type":"branch","line":217,"loc":{"start":{"line":217,"column":31},"end":{"line":217,"column":49}},"locations":[{"start":{"line":217,"column":31},"end":{"line":217,"column":49}}]},"5":{"type":"branch","line":211,"loc":{"start":{"line":211,"column":45},"end":{"line":211,"column":72}},"locations":[{"start":{"line":211,"column":45},"end":{"line":211,"column":72}}]},"6":{"type":"branch","line":212,"loc":{"start":{"line":212,"column":32},"end":{"line":215,"column":3}},"locations":[{"start":{"line":212,"column":32},"end":{"line":215,"column":3}}]},"7":{"type":"branch","line":213,"loc":{"start":{"line":213,"column":45},"end":{"line":213,"column":59}},"locations":[{"start":{"line":213,"column":45},"end":{"line":213,"column":59}}]},"8":{"type":"branch","line":214,"loc":{"start":{"line":214,"column":23},"end":{"line":214,"column":58}},"locations":[{"start":{"line":214,"column":23},"end":{"line":214,"column":58}}]}},"b":{"0":[15],"1":[2],"2":[13],"3":[5],"4":[8],"5":[31],"6":[91],"7":[0],"8":[217]},"fnMap":{"0":{"name":"filterMockPapers","decl":{"start":{"line":205,"column":7},"end":{"line":218,"column":1}},"loc":{"start":{"line":205,"column":7},"end":{"line":218,"column":1}},"line":205}},"f":{"0":15}}
,"F:\\coding projects\\논문 작성 서포터\\app\\src\\core\\academic-api\\scienceOnClient.ts": {"path":"F:\\coding projects\\논문 작성 서포터\\app\\src\\core\\academic-api\\scienceOnClient.ts","all":false,"statementMap":{"0":{"start":{"line":1,"column":0},"end":{"line":1,"column":3}},"20":{"start":{"line":21,"column":0},"end":{"line":21,"column":57}},"38":{"start":{"line":39,"column":0},"end":{"line":39,"column":56}},"39":{"start":{"line":40,"column":0},"end":{"line":40,"column":41}},"41":{"start":{"line":42,"column":0},"end":{"line":42,"column":66}},"43":{"start":{"line":44,"column":0},"end":{"line":44,"column":76}},"44":{"start":{"line":45,"column":0},"end":{"line":45,"column":44}},"46":{"start":{"line":47,"column":0},"end":{"line":47,"column":32}},"47":{"start":{"line":48,"column":0},"end":{"line":48,"column":82}},"48":{"start":{"line":49,"column":0},"end":{"line":49,"column":5}},"50":{"start":{"line":51,"column":0},"end":{"line":51,"column":67}},"51":{"start":{"line":52,"column":0},"end":{"line":52,"column":52}},"53":{"start":{"line":54,"column":0},"end":{"line":54,"column":53}},"54":{"start":{"line":55,"column":0},"end":{"line":55,"column":69}},"55":{"start":{"line":56,"column":0},"end":{"line":56,"column":15}},"56":{"start":{"line":57,"column":0},"end":{"line":57,"column":112}},"57":{"start":{"line":58,"column":0},"end":{"line":58,"column":9}},"59":{"start":{"line":60,"column":0},"end":{"line":60,"column":25}},"60":{"start":{"line":61,"column":0},"end":{"line":61,"column":93}},"61":{"start":{"line":62,"column":0},"end":{"line":62,"column":7}},"63":{"start":{"line":64,"column":0},"end":{"line":64,"column":24}},"64":{"start":{"line":65,"column":0},"end":{"line":65,"column":11}},"65":{"start":{"line":66,"column":0},"end":{"line":66,"column":37}},"66":{"start":{"line":67,"column":0},"end":{"line":67,"column":15}},"67":{"start":{"line":68,"column":0},"end":{"line":68,"column":74}},"68":{"start":{"line":69,"column":0},"end":{"line":69,"column":7}},"70":{"start":{"line":71,"column":0},"end":{"line":71,"column":53}},"71":{"start":{"line":72,"column":0},"end":{"line":72,"column":28}},"72":{"start":{"line":73,"column":0},"end":{"line":73,"column":79}},"73":{"start":{"line":74,"column":0},"end":{"line":74,"column":7}},"74":{"start":{"line":75,"column":0},"end":{"line":75,"column":35}},"75":{"start":{"line":76,"column":0},"end":{"line":76,"column":7}},"76":{"start":{"line":77,"column":0},"end":{"line":77,"column":3}},"78":{"start":{"line":79,"column":0},"end":{"line":79,"column":58}},"79":{"start":{"line":80,"column":0},"end":{"line":80,"column":69}},"80":{"start":{"line":81,"column":0},"end":{"line":81,"column":41}},"81":{"start":{"line":82,"column":0},"end":{"line":82,"column":53}},"82":{"start":{"line":83,"column":0},"end":{"line":83,"column":30}},"83":{"start":{"line":84,"column":0},"end":{"line":84,"column":58}},"84":{"start":{"line":85,"column":0},"end":{"line":85,"column":5}},"85":{"start":{"line":86,"column":0},"end":{"line":86,"column":26}},"86":{"start":{"line":87,"column":0},"end":{"line":87,"column":3}},"87":{"start":{"line":88,"column":0},"end":{"line":88,"column":1}},"89":{"start":{"line":90,"column":0},"end":{"line":90,"column":74}},"90":{"start":{"line":91,"column":0},"end":{"line":91,"column":78}},"91":{"start":{"line":92,"column":0},"end":{"line":92,"column":1}},"98":{"start":{"line":99,"column":0},"end":{"line":99,"column":83}},"99":{"start":{"line":100,"column":0},"end":{"line":100,"column":71}},"100":{"start":{"line":101,"column":0},"end":{"line":101,"column":32}},"101":{"start":{"line":102,"column":0},"end":{"line":102,"column":40}},"103":{"start":{"line":104,"column":0},"end":{"line":104,"column":37}},"104":{"start":{"line":105,"column":0},"end":{"line":105,"column":49}},"105":{"start":{"line":106,"column":0},"end":{"line":106,"column":41}},"106":{"start":{"line":107,"column":0},"end":{"line":107,"column":39}},"107":{"start":{"line":108,"column":0},"end":{"line":108,"column":105}},"108":{"start":{"line":109,"column":0},"end":{"line":109,"column":33}},"110":{"start":{"line":111,"column":0},"end":{"line":111,"column":17}},"111":{"start":{"line":112,"column":0},"end":{"line":112,"column":26}},"112":{"start":{"line":113,"column":0},"end":{"line":113,"column":77}},"113":{"start":{"line":114,"column":0},"end":{"line":114,"column":12}},"114":{"start":{"line":115,"column":0},"end":{"line":115,"column":40}},"115":{"start":{"line":116,"column":0},"end":{"line":116,"column":36}},"116":{"start":{"line":117,"column":0},"end":{"line":117,"column":71}},"117":{"start":{"line":118,"column":0},"end":{"line":118,"column":74}},"118":{"start":{"line":119,"column":0},"end":{"line":119,"column":56}},"119":{"start":{"line":120,"column":0},"end":{"line":120,"column":46}},"120":{"start":{"line":121,"column":0},"end":{"line":121,"column":7}},"121":{"start":{"line":122,"column":0},"end":{"line":122,"column":38}},"122":{"start":{"line":123,"column":0},"end":{"line":123,"column":3}},"124":{"start":{"line":125,"column":0},"end":{"line":125,"column":43}},"125":{"start":{"line":126,"column":0},"end":{"line":126,"column":1}},"127":{"start":{"line":128,"column":0},"end":{"line":128,"column":47}},"128":{"start":{"line":129,"column":0},"end":{"line":129,"column":27}},"129":{"start":{"line":130,"column":0},"end":{"line":130,"column":100}},"130":{"start":{"line":131,"column":0},"end":{"line":131,"column":3}},"131":{"start":{"line":132,"column":0},"end":{"line":132,"column":32}},"132":{"start":{"line":133,"column":0},"end":{"line":133,"column":14}},"133":{"start":{"line":134,"column":0},"end":{"line":134,"column":21}},"134":{"start":{"line":135,"column":0},"end":{"line":135,"column":33}},"135":{"start":{"line":136,"column":0},"end":{"line":136,"column":41}},"136":{"start":{"line":137,"column":0},"end":{"line":137,"column":3}},"137":{"start":{"line":138,"column":0},"end":{"line":138,"column":12}},"138":{"start":{"line":139,"column":0},"end":{"line":139,"column":1}},"140":{"start":{"line":141,"column":0},"end":{"line":141,"column":49}},"141":{"start":{"line":142,"column":0},"end":{"line":142,"column":66}},"142":{"start":{"line":143,"column":0},"end":{"line":143,"column":32}},"143":{"start":{"line":144,"column":0},"end":{"line":144,"column":37}},"144":{"start":{"line":145,"column":0},"end":{"line":145,"column":52}},"145":{"start":{"line":146,"column":0},"end":{"line":146,"column":3}},"146":{"start":{"line":147,"column":0},"end":{"line":147,"column":14}},"147":{"start":{"line":148,"column":0},"end":{"line":148,"column":1}},"149":{"start":{"line":150,"column":0},"end":{"line":150,"column":50}},"150":{"start":{"line":151,"column":0},"end":{"line":151,"column":66}},"151":{"start":{"line":152,"column":0},"end":{"line":152,"column":32}},"152":{"start":{"line":153,"column":0},"end":{"line":153,"column":43}},"153":{"start":{"line":154,"column":0},"end":{"line":154,"column":45}},"154":{"start":{"line":155,"column":0},"end":{"line":155,"column":3}},"155":{"start":{"line":156,"column":0},"end":{"line":156,"column":14}},"156":{"start":{"line":157,"column":0},"end":{"line":157,"column":1}}},"s":{"0":1,"20":1,"38":1,"39":1,"41":1,"43":1,"44":8,"46":8,"47":5,"48":5,"50":3,"51":8,"53":8,"54":3,"55":3,"56":3,"57":3,"59":3,"60":1,"61":1,"63":2,"64":2,"65":2,"66":3,"67":0,"68":0,"70":2,"71":3,"72":1,"73":1,"74":1,"75":8,"76":8,"78":1,"79":3,"80":3,"81":3,"82":3,"83":0,"84":0,"85":3,"86":3,"87":1,"89":5,"90":5,"91":5,"98":2,"99":2,"100":1,"101":2,"103":1,"104":1,"105":1,"106":1,"107":1,"108":1,"110":1,"111":1,"112":1,"113":1,"114":1,"115":1,"116":1,"117":1,"118":1,"119":1,"120":1,"121":1,"122":1,"124":2,"125":2,"127":1,"128":1,"129":0,"130":0,"131":1,"132":1,"133":1,"134":1,"135":1,"136":1,"137":0,"138":0,"140":1,"141":1,"142":1,"143":1,"144":1,"145":1,"146":0,"147":0,"149":1,"150":1,"151":0,"152":0,"153":0,"154":0,"155":0,"156":0},"branchMap":{"0":{"type":"branch","line":42,"loc":{"start":{"line":42,"column":2},"end":{"line":42,"column":66}},"locations":[{"start":{"line":42,"column":2},"end":{"line":42,"column":66}}]},"1":{"type":"branch","line":42,"loc":{"start":{"line":42,"column":65},"end":{"line":42,"column":66}},"locations":[{"start":{"line":42,"column":65},"end":{"line":42,"column":66}}]},"2":{"type":"branch","line":44,"loc":{"start":{"line":44,"column":2},"end":{"line":77,"column":3}},"locations":[{"start":{"line":44,"column":2},"end":{"line":77,"column":3}}]},"3":{"type":"branch","line":45,"loc":{"start":{"line":45,"column":31},"end":{"line":45,"column":42}},"locations":[{"start":{"line":45,"column":31},"end":{"line":45,"column":42}}]},"4":{"type":"branch","line":47,"loc":{"start":{"line":47,"column":31},"end":{"line":49,"column":5}},"locations":[{"start":{"line":47,"column":31},"end":{"line":49,"column":5}}]},"5":{"type":"branch","line":49,"loc":{"start":{"line":49,"column":4},"end":{"line":51,"column":67}},"locations":[{"start":{"line":49,"column":4},"end":{"line":51,"column":67}}]},"6":{"type":"branch","line":52,"loc":{"start":{"line":52,"column":35},"end":{"line":52,"column":52}},"locations":[{"start":{"line":52,"column":35},"end":{"line":52,"column":52}}]},"7":{"type":"branch","line":54,"loc":{"start":{"line":54,"column":34},"end":{"line":76,"column":5}},"locations":[{"start":{"line":54,"column":34},"end":{"line":76,"column":5}}]},"8":{"type":"branch","line":57,"loc":{"start":{"line":57,"column":30},"end":{"line":57,"column":102}},"locations":[{"start":{"line":57,"column":30},"end":{"line":57,"column":102}}]},"9":{"type":"branch","line":57,"loc":{"start":{"line":57,"column":98},"end":{"line":57,"column":112}},"locations":[{"start":{"line":57,"column":98},"end":{"line":57,"column":112}}]},"10":{"type":"branch","line":60,"loc":{"start":{"line":60,"column":24},"end":{"line":62,"column":7}},"locations":[{"start":{"line":60,"column":24},"end":{"line":62,"column":7}}]},"11":{"type":"branch","line":62,"loc":{"start":{"line":62,"column":6},"end":{"line":67,"column":14}},"locations":[{"start":{"line":62,"column":6},"end":{"line":67,"column":14}}]},"12":{"type":"branch","line":67,"loc":{"start":{"line":67,"column":6},"end":{"line":69,"column":7}},"locations":[{"start":{"line":67,"column":6},"end":{"line":69,"column":7}}]},"13":{"type":"branch","line":69,"loc":{"start":{"line":69,"column":6},"end":{"line":72,"column":27}},"locations":[{"start":{"line":69,"column":6},"end":{"line":72,"column":27}}]},"14":{"type":"branch","line":72,"loc":{"start":{"line":72,"column":27},"end":{"line":75,"column":35}},"locations":[{"start":{"line":72,"column":27},"end":{"line":75,"column":35}}]},"15":{"type":"branch","line":79,"loc":{"start":{"line":79,"column":10},"end":{"line":87,"column":3}},"locations":[{"start":{"line":79,"column":10},"end":{"line":87,"column":3}}]},"16":{"type":"branch","line":83,"loc":{"start":{"line":83,"column":29},"end":{"line":85,"column":5}},"locations":[{"start":{"line":83,"column":29},"end":{"line":85,"column":5}}]},"17":{"type":"branch","line":90,"loc":{"start":{"line":90,"column":0},"end":{"line":92,"column":1}},"locations":[{"start":{"line":90,"column":0},"end":{"line":92,"column":1}}]},"18":{"type":"branch","line":91,"loc":{"start":{"line":91,"column":26},"end":{"line":91,"column":56}},"locations":[{"start":{"line":91,"column":26},"end":{"line":91,"column":56}}]},"19":{"type":"branch","line":91,"loc":{"start":{"line":91,"column":48},"end":{"line":91,"column":78}},"locations":[{"start":{"line":91,"column":48},"end":{"line":91,"column":78}}]},"20":{"type":"branch","line":99,"loc":{"start":{"line":99,"column":0},"end":{"line":126,"column":1}},"locations":[{"start":{"line":99,"column":0},"end":{"line":126,"column":1}}]},"21":{"type":"branch","line":100,"loc":{"start":{"line":100,"column":59},"end":{"line":102,"column":35}},"locations":[{"start":{"line":100,"column":59},"end":{"line":102,"column":35}}]},"22":{"type":"branch","line":102,"loc":{"start":{"line":102,"column":28},"end":{"line":102,"column":40}},"locations":[{"start":{"line":102,"column":28},"end":{"line":102,"column":40}}]},"23":{"type":"branch","line":102,"loc":{"start":{"line":102,"column":35},"end":{"line":125,"column":38}},"locations":[{"start":{"line":102,"column":35},"end":{"line":125,"column":38}}]},"24":{"type":"branch","line":106,"loc":{"start":{"line":106,"column":32},"end":{"line":106,"column":41}},"locations":[{"start":{"line":106,"column":32},"end":{"line":106,"column":41}}]},"25":{"type":"branch","line":108,"loc":{"start":{"line":108,"column":96},"end":{"line":108,"column":105}},"locations":[{"start":{"line":108,"column":96},"end":{"line":108,"column":105}}]},"26":{"type":"branch","line":109,"loc":{"start":{"line":109,"column":24},"end":{"line":109,"column":33}},"locations":[{"start":{"line":109,"column":24},"end":{"line":109,"column":33}}]},"27":{"type":"branch","line":113,"loc":{"start":{"line":113,"column":51},"end":{"line":113,"column":77}},"locations":[{"start":{"line":113,"column":51},"end":{"line":113,"column":77}}]},"28":{"type":"branch","line":117,"loc":{"start":{"line":117,"column":40},"end":{"line":117,"column":66}},"locations":[{"start":{"line":117,"column":40},"end":{"line":117,"column":66}}]},"29":{"type":"branch","line":118,"loc":{"start":{"line":118,"column":40},"end":{"line":118,"column":69}},"locations":[{"start":{"line":118,"column":40},"end":{"line":118,"column":69}}]},"30":{"type":"branch","line":119,"loc":{"start":{"line":119,"column":30},"end":{"line":119,"column":51}},"locations":[{"start":{"line":119,"column":30},"end":{"line":119,"column":51}}]},"31":{"type":"branch","line":122,"loc":{"start":{"line":122,"column":32},"end":{"line":122,"column":38}},"locations":[{"start":{"line":122,"column":32},"end":{"line":122,"column":38}}]},"32":{"type":"branch","line":125,"loc":{"start":{"line":125,"column":29},"end":{"line":125,"column":43}},"locations":[{"start":{"line":125,"column":29},"end":{"line":125,"column":43}}]},"33":{"type":"branch","line":128,"loc":{"start":{"line":128,"column":0},"end":{"line":139,"column":1}},"locations":[{"start":{"line":128,"column":0},"end":{"line":139,"column":1}}]},"34":{"type":"branch","line":129,"loc":{"start":{"line":129,"column":26},"end":{"line":131,"column":3}},"locations":[{"start":{"line":129,"column":26},"end":{"line":131,"column":3}}]},"35":{"type":"branch","line":137,"loc":{"start":{"line":137,"column":2},"end":{"line":139,"column":1}},"locations":[{"start":{"line":137,"column":2},"end":{"line":139,"column":1}}]},"36":{"type":"branch","line":135,"loc":{"start":{"line":135,"column":11},"end":{"line":135,"column":32}},"locations":[{"start":{"line":135,"column":11},"end":{"line":135,"column":32}}]},"37":{"type":"branch","line":136,"loc":{"start":{"line":136,"column":14},"end":{"line":136,"column":39}},"locations":[{"start":{"line":136,"column":14},"end":{"line":136,"column":39}}]},"38":{"type":"branch","line":141,"loc":{"start":{"line":141,"column":0},"end":{"line":148,"column":1}},"locations":[{"start":{"line":141,"column":0},"end":{"line":148,"column":1}}]},"39":{"type":"branch","line":142,"loc":{"start":{"line":142,"column":21},"end":{"line":142,"column":55}},"locations":[{"start":{"line":142,"column":21},"end":{"line":142,"column":55}}]},"40":{"type":"branch","line":142,"loc":{"start":{"line":142,"column":55},"end":{"line":142,"column":66}},"locations":[{"start":{"line":142,"column":55},"end":{"line":142,"column":66}}]},"41":{"type":"branch","line":146,"loc":{"start":{"line":146,"column":2},"end":{"line":148,"column":1}},"locations":[{"start":{"line":146,"column":2},"end":{"line":148,"column":1}}]},"42":{"type":"branch","line":150,"loc":{"start":{"line":150,"column":0},"end":{"line":157,"column":1}},"locations":[{"start":{"line":150,"column":0},"end":{"line":157,"column":1}}]},"43":{"type":"branch","line":151,"loc":{"start":{"line":151,"column":62},"end":{"line":157,"column":1}},"locations":[{"start":{"line":151,"column":62},"end":{"line":157,"column":1}}]}},"b":{"0":[6],"1":[6],"2":[8],"3":[4],"4":[5],"5":[3],"6":[0],"7":[3],"8":[1],"9":[2],"10":[1],"11":[2],"12":[0],"13":[2],"14":[1],"15":[3],"16":[0],"17":[5],"18":[4],"19":[4],"20":[2],"21":[1],"22":[0],"23":[1],"24":[0],"25":[0],"26":[0],"27":[0],"28":[0],"29":[0],"30":[0],"31":[0],"32":[0],"33":[1],"34":[0],"35":[0],"36":[2],"37":[2],"38":[1],"39":[0],"40":[0],"41":[0],"42":[1],"43":[0]},"fnMap":{"0":{"name":"ScienceOnClient","decl":{"start":{"line":42,"column":2},"end":{"line":42,"column":66}},"loc":{"start":{"line":42,"column":2},"end":{"line":42,"column":66}},"line":42},"1":{"name":"<instance_members_initializer>","decl":{"start":{"line":42,"column":65},"end":{"line":42,"column":66}},"loc":{"start":{"line":42,"column":65},"end":{"line":42,"column":66}},"line":42},"2":{"name":"search","decl":{"start":{"line":44,"column":2},"end":{"line":77,"column":3}},"loc":{"start":{"line":44,"column":2},"end":{"line":77,"column":3}},"line":44},"3":{"name":"buildUrl","decl":{"start":{"line":79,"column":10},"end":{"line":87,"column":3}},"loc":{"start":{"line":79,"column":10},"end":{"line":87,"column":3}},"line":79},"4":{"name":"isPlainObject","decl":{"start":{"line":90,"column":0},"end":{"line":92,"column":1}},"loc":{"start":{"line":90,"column":0},"end":{"line":92,"column":1}},"line":90},"5":{"name":"parseScienceOnJson","decl":{"start":{"line":99,"column":0},"end":{"line":126,"column":1}},"loc":{"start":{"line":99,"column":0},"end":{"line":126,"column":1}},"line":99},"6":{"name":"parseAuthors","decl":{"start":{"line":128,"column":0},"end":{"line":139,"column":1}},"loc":{"start":{"line":128,"column":0},"end":{"line":139,"column":1}},"line":128},"7":{"name":"parseYear","decl":{"start":{"line":141,"column":0},"end":{"line":148,"column":1}},"loc":{"start":{"line":141,"column":0},"end":{"line":148,"column":1}},"line":141},"8":{"name":"parseCount","decl":{"start":{"line":150,"column":0},"end":{"line":157,"column":1}},"loc":{"start":{"line":150,"column":0},"end":{"line":157,"column":1}},"line":150}},"f":{"0":6,"1":6,"2":8,"3":3,"4":5,"5":2,"6":1,"7":1,"8":1}}
,"F:\\coding projects\\논문 작성 서포터\\app\\src\\core\\academic-api\\semanticScholarClient.ts": {"path":"F:\\coding projects\\논문 작성 서포터\\app\\src\\core\\academic-api\\semanticScholarClient.ts","all":false,"statementMap":{"0":{"start":{"line":1,"column":0},"end":{"line":1,"column":3}},"18":{"start":{"line":19,"column":0},"end":{"line":19,"column":45}},"19":{"start":{"line":20,"column":0},"end":{"line":20,"column":81}},"36":{"start":{"line":37,"column":0},"end":{"line":37,"column":62}},"37":{"start":{"line":38,"column":0},"end":{"line":38,"column":47}},"39":{"start":{"line":40,"column":0},"end":{"line":40,"column":65}},"41":{"start":{"line":42,"column":0},"end":{"line":42,"column":76}},"42":{"start":{"line":43,"column":0},"end":{"line":43,"column":44}},"44":{"start":{"line":45,"column":0},"end":{"line":45,"column":32}},"45":{"start":{"line":46,"column":0},"end":{"line":46,"column":89}},"46":{"start":{"line":47,"column":0},"end":{"line":47,"column":5}},"48":{"start":{"line":49,"column":0},"end":{"line":49,"column":67}},"49":{"start":{"line":50,"column":0},"end":{"line":50,"column":52}},"51":{"start":{"line":52,"column":0},"end":{"line":52,"column":53}},"52":{"start":{"line":53,"column":0},"end":{"line":53,"column":69}},"53":{"start":{"line":54,"column":0},"end":{"line":54,"column":15}},"54":{"start":{"line":55,"column":0},"end":{"line":55,"column":88}},"55":{"start":{"line":56,"column":0},"end":{"line":56,"column":9}},"57":{"start":{"line":58,"column":0},"end":{"line":58,"column":25}},"58":{"start":{"line":59,"column":0},"end":{"line":59,"column":93}},"59":{"start":{"line":60,"column":0},"end":{"line":60,"column":7}},"61":{"start":{"line":62,"column":0},"end":{"line":62,"column":24}},"62":{"start":{"line":63,"column":0},"end":{"line":63,"column":11}},"63":{"start":{"line":64,"column":0},"end":{"line":64,"column":37}},"64":{"start":{"line":65,"column":0},"end":{"line":65,"column":15}},"65":{"start":{"line":66,"column":0},"end":{"line":66,"column":74}},"66":{"start":{"line":67,"column":0},"end":{"line":67,"column":7}},"68":{"start":{"line":69,"column":0},"end":{"line":69,"column":46}},"69":{"start":{"line":70,"column":0},"end":{"line":70,"column":28}},"70":{"start":{"line":71,"column":0},"end":{"line":71,"column":86}},"71":{"start":{"line":72,"column":0},"end":{"line":72,"column":7}},"72":{"start":{"line":73,"column":0},"end":{"line":73,"column":35}},"73":{"start":{"line":74,"column":0},"end":{"line":74,"column":7}},"74":{"start":{"line":75,"column":0},"end":{"line":75,"column":3}},"76":{"start":{"line":77,"column":0},"end":{"line":77,"column":58}},"77":{"start":{"line":78,"column":0},"end":{"line":78,"column":59}},"78":{"start":{"line":79,"column":0},"end":{"line":79,"column":41}},"79":{"start":{"line":80,"column":0},"end":{"line":80,"column":43}},"80":{"start":{"line":81,"column":0},"end":{"line":81,"column":49}},"81":{"start":{"line":82,"column":0},"end":{"line":82,"column":26}},"82":{"start":{"line":83,"column":0},"end":{"line":83,"column":3}},"83":{"start":{"line":84,"column":0},"end":{"line":84,"column":1}},"85":{"start":{"line":86,"column":0},"end":{"line":86,"column":74}},"86":{"start":{"line":87,"column":0},"end":{"line":87,"column":78}},"87":{"start":{"line":88,"column":0},"end":{"line":88,"column":1}},"90":{"start":{"line":91,"column":0},"end":{"line":91,"column":76}},"91":{"start":{"line":92,"column":0},"end":{"line":92,"column":69}},"93":{"start":{"line":94,"column":0},"end":{"line":94,"column":37}},"94":{"start":{"line":95,"column":0},"end":{"line":95,"column":56}},"95":{"start":{"line":96,"column":0},"end":{"line":96,"column":43}},"96":{"start":{"line":97,"column":0},"end":{"line":97,"column":38}},"97":{"start":{"line":98,"column":0},"end":{"line":98,"column":111}},"98":{"start":{"line":99,"column":0},"end":{"line":99,"column":33}},"100":{"start":{"line":101,"column":0},"end":{"line":101,"column":17}},"101":{"start":{"line":102,"column":0},"end":{"line":102,"column":32}},"102":{"start":{"line":103,"column":0},"end":{"line":103,"column":84}},"103":{"start":{"line":104,"column":0},"end":{"line":104,"column":12}},"104":{"start":{"line":105,"column":0},"end":{"line":105,"column":43}},"105":{"start":{"line":106,"column":0},"end":{"line":106,"column":94}},"106":{"start":{"line":107,"column":0},"end":{"line":107,"column":75}},"107":{"start":{"line":108,"column":0},"end":{"line":108,"column":99}},"108":{"start":{"line":109,"column":0},"end":{"line":109,"column":60}},"109":{"start":{"line":110,"column":0},"end":{"line":110,"column":20}},"110":{"start":{"line":111,"column":0},"end":{"line":111,"column":117}},"111":{"start":{"line":112,"column":0},"end":{"line":112,"column":7}},"112":{"start":{"line":113,"column":0},"end":{"line":113,"column":38}},"113":{"start":{"line":114,"column":0},"end":{"line":114,"column":3}},"115":{"start":{"line":116,"column":0},"end":{"line":116,"column":43}},"116":{"start":{"line":117,"column":0},"end":{"line":117,"column":1}},"118":{"start":{"line":119,"column":0},"end":{"line":119,"column":47}},"119":{"start":{"line":120,"column":0},"end":{"line":120,"column":37}},"120":{"start":{"line":121,"column":0},"end":{"line":121,"column":12}},"121":{"start":{"line":122,"column":0},"end":{"line":122,"column":63}},"122":{"start":{"line":123,"column":0},"end":{"line":123,"column":78}},"123":{"start":{"line":124,"column":0},"end":{"line":124,"column":39}},"124":{"start":{"line":125,"column":0},"end":{"line":125,"column":1}}},"s":{"0":1,"18":1,"19":1,"36":1,"37":1,"39":1,"41":1,"42":9,"44":9,"45":5,"46":5,"48":5,"49":9,"51":9,"52":4,"53":4,"54":4,"55":4,"57":4,"58":1,"59":1,"61":1,"62":1,"63":1,"64":4,"65":0,"66":0,"68":1,"69":4,"70":0,"71":0,"72":1,"73":9,"74":9,"76":1,"77":4,"78":4,"79":4,"80":4,"81":4,"82":4,"83":1,"85":3,"86":3,"87":3,"90":1,"91":1,"93":1,"94":1,"95":1,"96":1,"97":1,"98":1,"100":1,"101":1,"102":1,"103":1,"104":1,"105":1,"106":1,"107":1,"108":1,"109":1,"110":1,"111":1,"112":1,"113":1,"115":1,"116":1,"118":1,"119":1,"120":1,"121":1,"122":1,"123":1,"124":1},"branchMap":{"0":{"type":"branch","line":40,"loc":{"start":{"line":40,"column":2},"end":{"line":40,"column":65}},"locations":[{"start":{"line":40,"column":2},"end":{"line":40,"column":65}}]},"1":{"type":"branch","line":40,"loc":{"start":{"line":40,"column":64},"end":{"line":40,"column":65}},"locations":[{"start":{"line":40,"column":64},"end":{"line":40,"column":65}}]},"2":{"type":"branch","line":42,"loc":{"start":{"line":42,"column":2},"end":{"line":75,"column":3}},"locations":[{"start":{"line":42,"column":2},"end":{"line":75,"column":3}}]},"3":{"type":"branch","line":43,"loc":{"start":{"line":43,"column":31},"end":{"line":43,"column":42}},"locations":[{"start":{"line":43,"column":31},"end":{"line":43,"column":42}}]},"4":{"type":"branch","line":45,"loc":{"start":{"line":45,"column":31},"end":{"line":49,"column":67}},"locations":[{"start":{"line":45,"column":31},"end":{"line":49,"column":67}}]},"5":{"type":"branch","line":47,"loc":{"start":{"line":47,"column":4},"end":{"line":49,"column":48}},"locations":[{"start":{"line":47,"column":4},"end":{"line":49,"column":48}}]},"6":{"type":"branch","line":49,"loc":{"start":{"line":49,"column":35},"end":{"line":49,"column":67}},"locations":[{"start":{"line":49,"column":35},"end":{"line":49,"column":67}}]},"7":{"type":"branch","line":50,"loc":{"start":{"line":50,"column":35},"end":{"line":50,"column":52}},"locations":[{"start":{"line":50,"column":35},"end":{"line":50,"column":52}}]},"8":{"type":"branch","line":52,"loc":{"start":{"line":52,"column":34},"end":{"line":74,"column":5}},"locations":[{"start":{"line":52,"column":34},"end":{"line":74,"column":5}}]},"9":{"type":"branch","line":55,"loc":{"start":{"line":55,"column":30},"end":{"line":55,"column":78}},"locations":[{"start":{"line":55,"column":30},"end":{"line":55,"column":78}}]},"10":{"type":"branch","line":56,"loc":{"start":{"line":56,"column":7},"end":{"line":58,"column":24}},"locations":[{"start":{"line":56,"column":7},"end":{"line":58,"column":24}}]},"11":{"type":"branch","line":58,"loc":{"start":{"line":58,"column":24},"end":{"line":65,"column":14}},"locations":[{"start":{"line":58,"column":24},"end":{"line":65,"column":14}}]},"12":{"type":"branch","line":65,"loc":{"start":{"line":65,"column":6},"end":{"line":67,"column":7}},"locations":[{"start":{"line":65,"column":6},"end":{"line":67,"column":7}}]},"13":{"type":"branch","line":67,"loc":{"start":{"line":67,"column":6},"end":{"line":70,"column":27}},"locations":[{"start":{"line":67,"column":6},"end":{"line":70,"column":27}}]},"14":{"type":"branch","line":70,"loc":{"start":{"line":70,"column":27},"end":{"line":72,"column":7}},"locations":[{"start":{"line":70,"column":27},"end":{"line":72,"column":7}}]},"15":{"type":"branch","line":72,"loc":{"start":{"line":72,"column":6},"end":{"line":73,"column":35}},"locations":[{"start":{"line":72,"column":6},"end":{"line":73,"column":35}}]},"16":{"type":"branch","line":77,"loc":{"start":{"line":77,"column":10},"end":{"line":83,"column":3}},"locations":[{"start":{"line":77,"column":10},"end":{"line":83,"column":3}}]},"17":{"type":"branch","line":86,"loc":{"start":{"line":86,"column":0},"end":{"line":88,"column":1}},"locations":[{"start":{"line":86,"column":0},"end":{"line":88,"column":1}}]},"18":{"type":"branch","line":91,"loc":{"start":{"line":91,"column":0},"end":{"line":117,"column":1}},"locations":[{"start":{"line":91,"column":0},"end":{"line":117,"column":1}}]},"19":{"type":"branch","line":92,"loc":{"start":{"line":92,"column":57},"end":{"line":92,"column":69}},"locations":[{"start":{"line":92,"column":57},"end":{"line":92,"column":69}}]},"20":{"type":"branch","line":96,"loc":{"start":{"line":96,"column":34},"end":{"line":96,"column":43}},"locations":[{"start":{"line":96,"column":34},"end":{"line":96,"column":43}}]},"21":{"type":"branch","line":98,"loc":{"start":{"line":98,"column":102},"end":{"line":98,"column":111}},"locations":[{"start":{"line":98,"column":102},"end":{"line":98,"column":111}}]},"22":{"type":"branch","line":99,"loc":{"start":{"line":99,"column":24},"end":{"line":99,"column":33}},"locations":[{"start":{"line":99,"column":24},"end":{"line":99,"column":33}}]},"23":{"type":"branch","line":103,"loc":{"start":{"line":103,"column":60},"end":{"line":103,"column":84}},"locations":[{"start":{"line":103,"column":60},"end":{"line":103,"column":84}}]},"24":{"type":"branch","line":106,"loc":{"start":{"line":106,"column":82},"end":{"line":106,"column":94}},"locations":[{"start":{"line":106,"column":82},"end":{"line":106,"column":94}}]},"25":{"type":"branch","line":107,"loc":{"start":{"line":107,"column":59},"end":{"line":107,"column":75}},"locations":[{"start":{"line":107,"column":59},"end":{"line":107,"column":75}}]},"26":{"type":"branch","line":108,"loc":{"start":{"line":108,"column":86},"end":{"line":108,"column":99}},"locations":[{"start":{"line":108,"column":86},"end":{"line":108,"column":99}}]},"27":{"type":"branch","line":109,"loc":{"start":{"line":109,"column":49},"end":{"line":109,"column":60}},"locations":[{"start":{"line":109,"column":49},"end":{"line":109,"column":60}}]},"28":{"type":"branch","line":111,"loc":{"start":{"line":111,"column":96},"end":{"line":111,"column":117}},"locations":[{"start":{"line":111,"column":96},"end":{"line":111,"column":117}}]},"29":{"type":"branch","line":113,"loc":{"start":{"line":113,"column":32},"end":{"line":113,"column":38}},"locations":[{"start":{"line":113,"column":32},"end":{"line":113,"column":38}}]},"30":{"type":"branch","line":116,"loc":{"start":{"line":116,"column":29},"end":{"line":116,"column":43}},"locations":[{"start":{"line":116,"column":29},"end":{"line":116,"column":43}}]},"31":{"type":"branch","line":119,"loc":{"start":{"line":119,"column":0},"end":{"line":125,"column":1}},"locations":[{"start":{"line":119,"column":0},"end":{"line":125,"column":1}}]},"32":{"type":"branch","line":120,"loc":{"start":{"line":120,"column":27},"end":{"line":120,"column":37}},"locations":[{"start":{"line":120,"column":27},"end":{"line":120,"column":37}}]},"33":{"type":"branch","line":122,"loc":{"start":{"line":122,"column":12},"end":{"line":122,"column":62}},"locations":[{"start":{"line":122,"column":12},"end":{"line":122,"column":62}}]},"34":{"type":"branch","line":123,"loc":{"start":{"line":123,"column":9},"end":{"line":123,"column":77}},"locations":[{"start":{"line":123,"column":9},"end":{"line":123,"column":77}}]},"35":{"type":"branch","line":123,"loc":{"start":{"line":123,"column":70},"end":{"line":123,"column":77}},"locations":[{"start":{"line":123,"column":70},"end":{"line":123,"column":77}}]},"36":{"type":"branch","line":124,"loc":{"start":{"line":124,"column":12},"end":{"line":124,"column":37}},"locations":[{"start":{"line":124,"column":12},"end":{"line":124,"column":37}}]}},"b":{"0":[7],"1":[7],"2":[9],"3":[4],"4":[5],"5":[4],"6":[3],"7":[0],"8":[4],"9":[0],"10":[2],"11":[1],"12":[0],"13":[1],"14":[0],"15":[1],"16":[4],"17":[3],"18":[1],"19":[0],"20":[0],"21":[0],"22":[0],"23":[0],"24":[0],"25":[0],"26":[0],"27":[0],"28":[0],"29":[0],"30":[0],"31":[1],"32":[0],"33":[1],"34":[1],"35":[0],"36":[1]},"fnMap":{"0":{"name":"SemanticScholarClient","decl":{"start":{"line":40,"column":2},"end":{"line":40,"column":65}},"loc":{"start":{"line":40,"column":2},"end":{"line":40,"column":65}},"line":40},"1":{"name":"<instance_members_initializer>","decl":{"start":{"line":40,"column":64},"end":{"line":40,"column":65}},"loc":{"start":{"line":40,"column":64},"end":{"line":40,"column":65}},"line":40},"2":{"name":"search","decl":{"start":{"line":42,"column":2},"end":{"line":75,"column":3}},"loc":{"start":{"line":42,"column":2},"end":{"line":75,"column":3}},"line":42},"3":{"name":"buildUrl","decl":{"start":{"line":77,"column":10},"end":{"line":83,"column":3}},"loc":{"start":{"line":77,"column":10},"end":{"line":83,"column":3}},"line":77},"4":{"name":"isPlainObject","decl":{"start":{"line":86,"column":0},"end":{"line":88,"column":1}},"loc":{"start":{"line":86,"column":0},"end":{"line":88,"column":1}},"line":86},"5":{"name":"parseS2Json","decl":{"start":{"line":91,"column":0},"end":{"line":117,"column":1}},"loc":{"start":{"line":91,"column":0},"end":{"line":117,"column":1}},"line":91},"6":{"name":"parseAuthors","decl":{"start":{"line":119,"column":0},"end":{"line":125,"column":1}},"loc":{"start":{"line":119,"column":0},"end":{"line":125,"column":1}},"line":119}},"f":{"0":7,"1":7,"2":9,"3":4,"4":3,"5":1,"6":1}}
,"F:\\coding projects\\논문 작성 서포터\\app\\src\\core\\academic-api\\types.ts": {"path":"F:\\coding projects\\논문 작성 서포터\\app\\src\\core\\academic-api\\types.ts","all":false,"statementMap":{"67":{"start":{"line":68,"column":0},"end":{"line":68,"column":40}},"68":{"start":{"line":69,"column":0},"end":{"line":69,"column":39}},"70":{"start":{"line":71,"column":0},"end":{"line":71,"column":71}},"71":{"start":{"line":72,"column":0},"end":{"line":72,"column":30}},"72":{"start":{"line":73,"column":0},"end":{"line":73,"column":1}},"74":{"start":{"line":75,"column":0},"end":{"line":75,"column":101}},"75":{"start":{"line":76,"column":0},"end":{"line":76,"column":104}},"76":{"start":{"line":77,"column":0},"end":{"line":77,"column":1}},"85":{"start":{"line":86,"column":0},"end":{"line":86,"column":73}},"86":{"start":{"line":87,"column":0},"end":{"line":87,"column":54}},"87":{"start":{"line":88,"column":0},"end":{"line":88,"column":42}},"88":{"start":{"line":89,"column":0},"end":{"line":89,"column":19}},"89":{"start":{"line":90,"column":0},"end":{"line":90,"column":1}},"97":{"start":{"line":98,"column":0},"end":{"line":98,"column":34}},"98":{"start":{"line":99,"column":0},"end":{"line":99,"column":20}},"99":{"start":{"line":100,"column":0},"end":{"line":100,"column":54}},"100":{"start":{"line":101,"column":0},"end":{"line":101,"column":26}},"101":{"start":{"line":102,"column":0},"end":{"line":102,"column":43}},"102":{"start":{"line":103,"column":0},"end":{"line":103,"column":64}},"103":{"start":{"line":104,"column":0},"end":{"line":104,"column":7}},"104":{"start":{"line":105,"column":0},"end":{"line":105,"column":40}},"105":{"start":{"line":106,"column":0},"end":{"line":106,"column":19}},"106":{"start":{"line":107,"column":0},"end":{"line":107,"column":74}},"107":{"start":{"line":108,"column":0},"end":{"line":108,"column":75}},"108":{"start":{"line":109,"column":0},"end":{"line":109,"column":67}},"109":{"start":{"line":110,"column":0},"end":{"line":110,"column":13}},"110":{"start":{"line":111,"column":0},"end":{"line":111,"column":24}},"111":{"start":{"line":112,"column":0},"end":{"line":112,"column":3}},"112":{"start":{"line":113,"column":0},"end":{"line":113,"column":1}},"115":{"start":{"line":116,"column":0},"end":{"line":116,"column":65}},"116":{"start":{"line":117,"column":0},"end":{"line":117,"column":69}},"117":{"start":{"line":118,"column":0},"end":{"line":118,"column":32}},"118":{"start":{"line":119,"column":0},"end":{"line":119,"column":3}},"119":{"start":{"line":120,"column":0},"end":{"line":120,"column":27}},"120":{"start":{"line":121,"column":0},"end":{"line":121,"column":1}}},"s":{"67":1,"68":1,"70":1,"71":18,"72":18,"74":1,"75":10,"76":10,"85":1,"86":4,"87":4,"88":1,"89":1,"97":13,"98":13,"99":13,"100":13,"101":13,"102":13,"103":13,"104":13,"105":13,"106":4,"107":4,"108":4,"109":13,"110":13,"111":13,"112":13,"115":1,"116":28,"117":16,"118":16,"119":12,"120":12},"branchMap":{"0":{"type":"branch","line":71,"loc":{"start":{"line":71,"column":7},"end":{"line":73,"column":1}},"locations":[{"start":{"line":71,"column":7},"end":{"line":73,"column":1}}]},"1":{"type":"branch","line":75,"loc":{"start":{"line":75,"column":7},"end":{"line":77,"column":1}},"locations":[{"start":{"line":75,"column":7},"end":{"line":77,"column":1}}]},"2":{"type":"branch","line":76,"loc":{"start":{"line":76,"column":29},"end":{"line":76,"column":65}},"locations":[{"start":{"line":76,"column":29},"end":{"line":76,"column":65}}]},"3":{"type":"branch","line":86,"loc":{"start":{"line":86,"column":7},"end":{"line":90,"column":1}},"locations":[{"start":{"line":86,"column":7},"end":{"line":90,"column":1}}]},"4":{"type":"branch","line":87,"loc":{"start":{"line":87,"column":17},"end":{"line":87,"column":40}},"locations":[{"start":{"line":87,"column":17},"end":{"line":87,"column":40}}]},"5":{"type":"branch","line":87,"loc":{"start":{"line":87,"column":40},"end":{"line":87,"column":54}},"locations":[{"start":{"line":87,"column":40},"end":{"line":87,"column":54}}]},"6":{"type":"branch","line":87,"loc":{"start":{"line":87,"column":47},"end":{"line":88,"column":29}},"locations":[{"start":{"line":87,"column":47},"end":{"line":88,"column":29}}]},"7":{"type":"branch","line":88,"loc":{"start":{"line":88,"column":22},"end":{"line":88,"column":42}},"locations":[{"start":{"line":88,"column":22},"end":{"line":88,"column":42}}]},"8":{"type":"branch","line":88,"loc":{"start":{"line":88,"column":29},"end":{"line":90,"column":1}},"locations":[{"start":{"line":88,"column":29},"end":{"line":90,"column":1}}]},"9":{"type":"branch","line":98,"loc":{"start":{"line":98,"column":0},"end":{"line":113,"column":1}},"locations":[{"start":{"line":98,"column":0},"end":{"line":113,"column":1}}]},"10":{"type":"branch","line":106,"loc":{"start":{"line":106,"column":2},"end":{"line":110,"column":4}},"locations":[{"start":{"line":106,"column":2},"end":{"line":110,"column":4}}]},"11":{"type":"branch","line":108,"loc":{"start":{"line":108,"column":51},"end":{"line":108,"column":75}},"locations":[{"start":{"line":108,"column":51},"end":{"line":108,"column":75}}]},"12":{"type":"branch","line":109,"loc":{"start":{"line":109,"column":25},"end":{"line":109,"column":47}},"locations":[{"start":{"line":109,"column":25},"end":{"line":109,"column":47}}]},"13":{"type":"branch","line":109,"loc":{"start":{"line":109,"column":35},"end":{"line":109,"column":58}},"locations":[{"start":{"line":109,"column":35},"end":{"line":109,"column":58}}]},"14":{"type":"branch","line":110,"loc":{"start":{"line":110,"column":2},"end":{"line":110,"column":4}},"locations":[{"start":{"line":110,"column":2},"end":{"line":110,"column":4}}]},"15":{"type":"branch","line":103,"loc":{"start":{"line":103,"column":27},"end":{"line":103,"column":53}},"locations":[{"start":{"line":103,"column":27},"end":{"line":103,"column":53}}]},"16":{"type":"branch","line":116,"loc":{"start":{"line":116,"column":7},"end":{"line":121,"column":1}},"locations":[{"start":{"line":116,"column":7},"end":{"line":121,"column":1}}]},"17":{"type":"branch","line":117,"loc":{"start":{"line":117,"column":16},"end":{"line":117,"column":56}},"locations":[{"start":{"line":117,"column":16},"end":{"line":117,"column":56}}]},"18":{"type":"branch","line":117,"loc":{"start":{"line":117,"column":51},"end":{"line":117,"column":68}},"locations":[{"start":{"line":117,"column":51},"end":{"line":117,"column":68}}]},"19":{"type":"branch","line":117,"loc":{"start":{"line":117,"column":68},"end":{"line":119,"column":3}},"locations":[{"start":{"line":117,"column":68},"end":{"line":119,"column":3}}]},"20":{"type":"branch","line":119,"loc":{"start":{"line":119,"column":2},"end":{"line":121,"column":1}},"locations":[{"start":{"line":119,"column":2},"end":{"line":121,"column":1}}]}},"b":{"0":[18],"1":[10],"2":[0],"3":[4],"4":[3],"5":[1],"6":[3],"7":[2],"8":[1],"9":[13],"10":[4],"11":[0],"12":[2],"13":[2],"14":[0],"15":[2],"16":[28],"17":[12],"18":[12],"19":[16],"20":[12]},"fnMap":{"0":{"name":"successResult","decl":{"start":{"line":71,"column":7},"end":{"line":73,"column":1}},"loc":{"start":{"line":71,"column":7},"end":{"line":73,"column":1}},"line":71},"1":{"name":"failureResult","decl":{"start":{"line":75,"column":7},"end":{"line":77,"column":1}},"loc":{"start":{"line":75,"column":7},"end":{"line":77,"column":1}},"line":75},"2":{"name":"classifyHttpStatus","decl":{"start":{"line":86,"column":7},"end":{"line":90,"column":1}},"loc":{"start":{"line":86,"column":7},"end":{"line":90,"column":1}},"line":86},"3":{"name":"withTimeout","decl":{"start":{"line":98,"column":0},"end":{"line":113,"column":1}},"loc":{"start":{"line":98,"column":0},"end":{"line":113,"column":1}},"line":98},"4":{"name":"resolveLimit","decl":{"start":{"line":116,"column":7},"end":{"line":121,"column":1}},"loc":{"start":{"line":116,"column":7},"end":{"line":121,"column":1}},"line":116}},"f":{"0":18,"1":10,"2":4,"3":13,"4":28}}
,"F:\\coding projects\\논문 작성 서포터\\app\\src\\core\\chat\\compaction.ts": {"path":"F:\\coding projects\\논문 작성 서포터\\app\\src\\core\\chat\\compaction.ts","all":false,"statementMap":{"15":{"start":{"line":16,"column":0},"end":{"line":16,"column":35}},"17":{"start":{"line":18,"column":0},"end":{"line":18,"column":25}},"18":{"start":{"line":19,"column":0},"end":{"line":19,"column":63}},"32":{"start":{"line":33,"column":0},"end":{"line":33,"column":78}},"33":{"start":{"line":34,"column":0},"end":{"line":34,"column":70}},"34":{"start":{"line":35,"column":0},"end":{"line":35,"column":51}},"35":{"start":{"line":36,"column":0},"end":{"line":36,"column":1}},"44":{"start":{"line":45,"column":0},"end":{"line":45,"column":35}},"45":{"start":{"line":46,"column":0},"end":{"line":46,"column":25}},"46":{"start":{"line":47,"column":0},"end":{"line":47,"column":53}},"47":{"start":{"line":48,"column":0},"end":{"line":48,"column":20}},"48":{"start":{"line":49,"column":0},"end":{"line":49,"column":18}},"49":{"start":{"line":50,"column":0},"end":{"line":50,"column":16}},"50":{"start":{"line":51,"column":0},"end":{"line":51,"column":30}},"51":{"start":{"line":52,"column":0},"end":{"line":52,"column":67}},"52":{"start":{"line":53,"column":0},"end":{"line":53,"column":41}},"53":{"start":{"line":54,"column":0},"end":{"line":54,"column":3}},"55":{"start":{"line":56,"column":0},"end":{"line":56,"column":49}},"56":{"start":{"line":57,"column":0},"end":{"line":57,"column":42}},"57":{"start":{"line":58,"column":0},"end":{"line":58,"column":39}},"58":{"start":{"line":59,"column":0},"end":{"line":59,"column":87}},"60":{"start":{"line":61,"column":0},"end":{"line":61,"column":7}},"61":{"start":{"line":62,"column":0},"end":{"line":62,"column":37}},"62":{"start":{"line":63,"column":0},"end":{"line":63,"column":12}},"63":{"start":{"line":64,"column":0},"end":{"line":64,"column":32}},"64":{"start":{"line":65,"column":0},"end":{"line":65,"column":56}},"65":{"start":{"line":66,"column":0},"end":{"line":66,"column":7}},"66":{"start":{"line":67,"column":0},"end":{"line":67,"column":34}},"67":{"start":{"line":68,"column":0},"end":{"line":68,"column":22}},"68":{"start":{"line":69,"column":0},"end":{"line":69,"column":36}},"69":{"start":{"line":70,"column":0},"end":{"line":70,"column":35}},"70":{"start":{"line":71,"column":0},"end":{"line":71,"column":6}},"71":{"start":{"line":72,"column":0},"end":{"line":72,"column":61}},"72":{"start":{"line":73,"column":0},"end":{"line":73,"column":11}},"74":{"start":{"line":75,"column":0},"end":{"line":75,"column":41}},"75":{"start":{"line":76,"column":0},"end":{"line":76,"column":3}},"76":{"start":{"line":77,"column":0},"end":{"line":77,"column":1}},"78":{"start":{"line":79,"column":0},"end":{"line":79,"column":55}},"79":{"start":{"line":80,"column":0},"end":{"line":80,"column":36}},"80":{"start":{"line":81,"column":0},"end":{"line":81,"column":40}},"81":{"start":{"line":82,"column":0},"end":{"line":82,"column":14}},"82":{"start":{"line":83,"column":0},"end":{"line":83,"column":1}}},"s":{"15":1,"17":1,"18":1,"32":1,"33":8,"34":8,"35":8,"44":22,"45":22,"46":22,"47":22,"48":22,"49":22,"50":22,"51":22,"52":20,"53":20,"55":2,"56":2,"57":2,"58":2,"60":2,"61":2,"62":2,"63":2,"64":2,"65":2,"66":1,"67":1,"68":1,"69":1,"70":1,"71":1,"72":1,"74":1,"75":1,"76":22,"78":2,"79":2,"80":0,"81":0,"82":0},"branchMap":{"0":{"type":"branch","line":33,"loc":{"start":{"line":33,"column":7},"end":{"line":36,"column":1}},"locations":[{"start":{"line":33,"column":7},"end":{"line":36,"column":1}}]},"1":{"type":"branch","line":34,"loc":{"start":{"line":34,"column":31},"end":{"line":34,"column":67}},"locations":[{"start":{"line":34,"column":31},"end":{"line":34,"column":67}}]},"2":{"type":"branch","line":45,"loc":{"start":{"line":45,"column":0},"end":{"line":77,"column":1}},"locations":[{"start":{"line":45,"column":0},"end":{"line":77,"column":1}}]},"3":{"type":"branch","line":52,"loc":{"start":{"line":52,"column":23},"end":{"line":52,"column":66}},"locations":[{"start":{"line":52,"column":23},"end":{"line":52,"column":66}}]},"4":{"type":"branch","line":52,"loc":{"start":{"line":52,"column":66},"end":{"line":54,"column":3}},"locations":[{"start":{"line":52,"column":66},"end":{"line":54,"column":3}}]},"5":{"type":"branch","line":54,"loc":{"start":{"line":54,"column":2},"end":{"line":76,"column":3}},"locations":[{"start":{"line":54,"column":2},"end":{"line":76,"column":3}}]},"6":{"type":"branch","line":54,"loc":{"start":{"line":54,"column":2},"end":{"line":66,"column":7}},"locations":[{"start":{"line":54,"column":2},"end":{"line":66,"column":7}}]},"7":{"type":"branch","line":66,"loc":{"start":{"line":66,"column":5},"end":{"line":76,"column":3}},"locations":[{"start":{"line":66,"column":5},"end":{"line":76,"column":3}}]},"8":{"type":"branch","line":59,"loc":{"start":{"line":59,"column":31},"end":{"line":59,"column":74}},"locations":[{"start":{"line":59,"column":31},"end":{"line":59,"column":74}}]},"9":{"type":"branch","line":79,"loc":{"start":{"line":79,"column":0},"end":{"line":83,"column":1}},"locations":[{"start":{"line":79,"column":0},"end":{"line":83,"column":1}}]},"10":{"type":"branch","line":80,"loc":{"start":{"line":80,"column":30},"end":{"line":83,"column":1}},"locations":[{"start":{"line":80,"column":30},"end":{"line":83,"column":1}}]}},"b":{"0":[8],"1":[16],"2":[22],"3":[8],"4":[20],"5":[19],"6":[2],"7":[1],"8":[2],"9":[2],"10":[0]},"fnMap":{"0":{"name":"approxHistoryTokens","decl":{"start":{"line":33,"column":7},"end":{"line":36,"column":1}},"loc":{"start":{"line":33,"column":7},"end":{"line":36,"column":1}},"line":33},"1":{"name":"maybeCompact","decl":{"start":{"line":45,"column":0},"end":{"line":77,"column":1}},"loc":{"start":{"line":45,"column":0},"end":{"line":77,"column":1}},"line":45},"2":{"name":"roleLabel","decl":{"start":{"line":79,"column":0},"end":{"line":83,"column":1}},"loc":{"start":{"line":79,"column":0},"end":{"line":83,"column":1}},"line":79}},"f":{"0":8,"1":22,"2":2}}
[...]
{"type":"branch","line":60,"loc":{"start":{"line":60,"column":7},"end":{"line":68,"column":1}},"locations":[{"start":{"line":60,"column":7},"end":{"line":68,"column":1}}]},"16":{"type":"branch","line":61,"loc":{"start":{"line":61,"column":16},"end":{"line":63,"column":3}},"locations":[{"start":{"line":61,"column":16},"end":{"line":63,"column":3}}]},"17":{"type":"branch","line":63,"loc":{"start":{"line":63,"column":2},"end":{"line":64,"column":18}},"locations":[{"start":{"line":63,"column":2},"end":{"line":64,"column":18}}]},"18":{"type":"branch","line":64,"loc":{"start":{"line":64,"column":18},"end":{"line":66,"column":3}},"locations":[{"start":{"line":64,"column":18},"end":{"line":66,"column":3}}]},"19":{"type":"branch","line":66,"loc":{"start":{"line":66,"column":2},"end":{"line":68,"column":1}},"locations":[{"start":{"line":66,"column":2},"end":{"line":68,"column":1}}]}},"b":{"0":[2],"1":[6],"2":[5],"3":[2],"4":[4],"5":[2],"6":[4],"7":[3],"8":[2],"9":[4],"10":[10],"11":[4],"12":[6],"13":[0],"14":[6],"15":[4],"16":[1],"17":[3],"18":[2],"19":[1]},"fnMap":{"0":{"name":"isRunCheckEnabled","decl":{"start":{"line":17,"column":7},"end":{"line":19,"column":1}},"loc":{"start":{"line":17,"column":7},"end":{"line":19,"column":1}},"line":17},"1":{"name":"isMarkCompleteEnabled","decl":{"start":{"line":28,"column":7},"end":{"line":40,"column":1}},"loc":{"start":{"line":28,"column":7},"end":{"line":40,"column":1}},"line":28},"2":{"name":"shouldShowOverride","decl":{"start":{"line":43,"column":7},"end":{"line":45,"column":1}},"loc":{"start":{"line":43,"column":7},"end":{"line":45,"column":1}},"line":43},"3":{"name":"sortCriteriaForDisplay","decl":{"start":{"line":48,"column":7},"end":{"line":55,"column":1}},"loc":{"start":{"line":48,"column":7},"end":{"line":55,"column":1}},"line":48},"4":{"name":"resolveGateViewPhase","decl":{"start":{"line":60,"column":7},"end":{"line":68,"column":1}},"loc":{"start":{"line":60,"column":7},"end":{"line":68,"column":1}},"line":60}},"f":{"0":2,"1":6,"2":4,"3":4,"4":4}}
,"F:\\coding projects\\논문 작성 서포터\\app\\src\\renderer\\writing\\qualityGateView.tsx": {"path":"F:\\coding projects\\논문 작성 서포터\\app\\src\\renderer\\writing\\qualityGateView.tsx","all":true,"statementMap":{"0":{"start":{"line":1,"column":0},"end":{"line":1,"column":3}},"1":{"start":{"line":2,"column":0},"end":{"line":2,"column":68}},"2":{"start":{"line":3,"column":0},"end":{"line":3,"column":2}},"3":{"start":{"line":4,"column":0},"end":{"line":4,"column":76}},"4":{"start":{"line":5,"column":0},"end":{"line":5,"column":79}},"5":{"start":{"line":6,"column":0},"end":{"line":6,"column":73}},"6":{"start":{"line":7,"column":0},"end":{"line":7,"column":77}},"7":{"start":{"line":8,"column":0},"end":{"line":8,"column":2}},"8":{"start":{"line":9,"column":0},"end":{"line":9,"column":74}},"9":{"start":{"line":10,"column":0},"end":{"line":10,"column":74}},"10":{"start":{"line":11,"column":0},"end":{"line":11,"column":73}},"11":{"start":{"line":12,"column":0},"end":{"line":12,"column":58}},"12":{"start":{"line":13,"column":0},"end":{"line":13,"column":51}},"13":{"start":{"line":14,"column":0},"end":{"line":14,"column":3}},"14":{"start":{"line":15,"column":0},"end":{"line":15,"column":33}},"15":{"start":{"line":16,"column":0},"end":{"line":16,"column":0}},"16":{"start":{"line":17,"column":0},"end":{"line":17,"column":65}},"17":{"start":{"line":18,"column":0},"end":{"line":18,"column":141}},"18":{"start":{"line":19,"column":0},"end":{"line":19,"column":31}},"19":{"start":{"line":20,"column":0},"end":{"line":20,"column":0}},"20":{"start":{"line":21,"column":0},"end":{"line":21,"column":39}},"21":{"start":{"line":22,"column":0},"end":{"line":22,"column":59}},"22":{"start":{"line":23,"column":0},"end":{"line":23,"column":23}},"23":{"start":{"line":24,"column":0},"end":{"line":24,"column":32}},"24":{"start":{"line":25,"column":0},"end":{"line":25,"column":32}},"25":{"start":{"line":26,"column":0},"end":{"line":26,"column":20}},"26":{"start":{"line":27,"column":0},"end":{"line":27,"column":21}},"27":{"start":{"line":28,"column":0},"end":{"line":28,"column":25}},"28":{"start":{"line":29,"column":0},"end":{"line":29,"column":1}},"29":{"start":{"line":30,"column":0},"end":{"line":30,"column":0}},"30":{"start":{"line":31,"column":0},"end":{"line":31,"column":33}},"31":{"start":{"line":32,"column":0},"end":{"line":32,"column":15}},"32":{"start":{"line":33,"column":0},"end":{"line":33,"column":13}},"33":{"start":{"line":34,"column":0},"end":{"line":34,"column":11}},"34":{"start":{"line":35,"column":0},"end":{"line":35,"column":13}},"35":{"start":{"line":36,"column":0},"end":{"line":36,"column":17}},"36":{"start":{"line":37,"column":0},"end":{"line":37,"column":39}},"37":{"start":{"line":38,"column":0},"end":{"line":38,"column":64}},"38":{"start":{"line":39,"column":0},"end":{"line":39,"column":0}},"39":{"start":{"line":40,"column":0},"end":{"line":40,"column":59}},"40":{"start":{"line":41,"column":0},"end":{"line":41,"column":64}},"41":{"start":{"line":42,"column":0},"end":{"line":42,"column":91}},"42":{"start":{"line":43,"column":0},"end":{"line":43,"column":54}},"43":{"start":{"line":44,"column":0},"end":{"line":44,"column":0}},"44":{"start":{"line":45,"column":0},"end":{"line":45,"column":10}},"45":{"start":{"line":46,"column":0},"end":{"line":46,"column":72}},"46":{"start":{"line":47,"column":0},"end":{"line":47,"column":28}},"47":{"start":{"line":48,"column":0},"end":{"line":48,"column":35}},"48":{"start":{"line":49,"column":0},"end":{"line":49,"column":64}},"49":{"start":{"line":50,"column":0},"end":{"line":50,"column":119}},"50":{"start":{"line":51,"column":0},"end":{"line":51,"column":16}},"51":{"start":{"line":52,"column":0},"end":{"line":52,"column":19}},"52":{"start":{"line":53,"column":0},"end":{"line":53,"column":14}},"53":{"start":{"line":54,"column":0},"end":{"line":54,"column":8}},"54":{"start":{"line":55,"column":0},"end":{"line":55,"column":0}},"55":{"start":{"line":56,"column":0},"end":{"line":56,"column":32}},"56":{"start":{"line":57,"column":0},"end":{"line":57,"column":53}},"57":{"start":{"line":58,"column":0},"end":{"line":58,"column":62}},"58":{"start":{"line":59,"column":0},"end":{"line":59,"column":53}},"59":{"start":{"line":60,"column":0},"end":{"line":60,"column":14}},"60":{"start":{"line":61,"column":0},"end":{"line":61,"column":8}},"61":{"start":{"line":62,"column":0},"end":{"line":62,"column":0}},"62":{"start":{"line":63,"column":0},"end":{"line":63,"column":44}},"63":{"start":{"line":64,"column":0},"end":{"line":64,"column":37}},"64":{"start":{"line":65,"column":0},"end":{"line":65,"column":32}},"65":{"start":{"line":66,"column":0},"end":{"line":66,"column":75}},"66":{"start":{"line":67,"column":0},"end":{"line":67,"column":27}},"67":{"start":{"line":68,"column":0},"end":{"line":68,"column":18}},"68":{"start":{"line":69,"column":0},"end":{"line":69,"column":15}},"69":{"start":{"line":70,"column":0},"end":{"line":70,"column":75}},"70":{"start":{"line":71,"column":0},"end":{"line":71,"column":29}},"71":{"start":{"line":72,"column":0},"end":{"line":72,"column":18}},"72":{"start":{"line":73,"column":0},"end":{"line":73,"column":12}},"73":{"start":{"line":74,"column":0},"end":{"line":74,"column":0}},"74":{"start":{"line":75,"column":0},"end":{"line":75,"column":62}},"75":{"start":{"line":76,"column":0},"end":{"line":76,"column":0}},"76":{"start":{"line":77,"column":0},"end":{"line":77,"column":45}},"77":{"start":{"line":78,"column":0},"end":{"line":78,"column":73}},"78":{"start":{"line":79,"column":0},"end":{"line":79,"column":137}},"79":{"start":{"line":80,"column":0},"end":{"line":80,"column":73}},"80":{"start":{"line":81,"column":0},"end":{"line":81,"column":45}},"81":{"start":{"line":82,"column":0},"end":{"line":82,"column":23}},"82":{"start":{"line":83,"column":0},"end":{"line":83,"column":54}},"83":{"start":{"line":84,"column":0},"end":{"line":84,"column":84}},"84":{"start":{"line":85,"column":0},"end":{"line":85,"column":23}},"85":{"start":{"line":86,"column":0},"end":{"line":86,"column":19}},"86":{"start":{"line":87,"column":0},"end":{"line":87,"column":15}},"87":{"start":{"line":88,"column":0},"end":{"line":88,"column":15}},"88":{"start":{"line":89,"column":0},"end":{"line":89,"column":0}},"89":{"start":{"line":90,"column":0},"end":{"line":90,"column":17}},"90":{"start":{"line":91,"column":0},"end":{"line":91,"column":25}},"91":{"start":{"line":92,"column":0},"end":{"line":92,"column":51}},"92":{"start":{"line":93,"column":0},"end":{"line":93,"column":39}},"93":{"start":{"line":94,"column":0},"end":{"line":94,"column":32}},"94":{"start":{"line":95,"column":0},"end":{"line":95,"column":11}},"95":{"start":{"line":96,"column":0},"end":{"line":96,"column":19}},"96":{"start":{"line":97,"column":0},"end":{"line":97,"column":19}},"97":{"start":{"line":98,"column":0},"end":{"line":98,"column":0}},"98":{"start":{"line":99,"column":0},"end":{"line":99,"column":28}},"99":{"start":{"line":100,"column":0},"end":{"line":100,"column":43}},"100":{"start":{"line":101,"column":0},"end":{"line":101,"column":53}},"101":{"start":{"line":102,"column":0},"end":{"line":102,"column":22}},"102":{"start":{"line":103,"column":0},"end":{"line":103,"column":33}},"103":{"start":{"line":104,"column":0},"end":{"line":104,"column":43}},"104":{"start":{"line":105,"column":0},"end":{"line":105,"column":80}},"105":{"start":{"line":106,"column":0},"end":{"line":106,"column":18}},"106":{"start":{"line":107,"column":0},"end":{"line":107,"column":28}},"107":{"start":{"line":108,"column":0},"end":{"line":108,"column":22}},"108":{"start":{"line":109,"column":0},"end":{"line":109,"column":35}},"109":{"start":{"line":110,"column":0},"end":{"line":110,"column":53}},"110":{"start":{"line":111,"column":0},"end":{"line":111,"column":61}},"111":{"start":{"line":112,"column":0},"end":{"line":112,"column":20}},"112":{"start":{"line":113,"column":0},"end":{"line":113,"column":16}},"113":{"start":{"line":114,"column":0},"end":{"line":114,"column":18}},"114":{"start":{"line":115,"column":0},"end":{"line":115,"column":12}},"115":{"start":{"line":116,"column":0},"end":{"line":116,"column":0}},"116":{"start":{"line":117,"column":0},"end":{"line":117,"column":17}},"117":{"start":{"line":118,"column":0},"end":{"line":118,"column":25}},"118":{"start":{"line":119,"column":0},"end":{"line":119,"column":49}},"119":{"start":{"line":120,"column":0},"end":{"line":120,"column":43}},"120":{"start":{"line":121,"column":0},"end":{"line":121,"column":19}},"121":{"start":{"line":122,"column":0},"end":{"line":122,"column":33}},"122":{"start":{"line":123,"column":0},"end":{"line":123,"column":27}},"123":{"start":{"line":124,"column":0},"end":{"line":124,"column":63}},"124":{"start":{"line":125,"column":0},"end":{"line":125,"column":13}},"125":{"start":{"line":126,"column":0},"end":{"line":126,"column":36}},"126":{"start":{"line":127,"column":0},"end":{"line":127,"column":11}},"127":{"start":{"line":128,"column":0},"end":{"line":128,"column":18}},"128":{"start":{"line":129,"column":0},"end":{"line":129,"column":19}},"129":{"start":{"line":130,"column":0},"end":{"line":130,"column":14}},"130":{"start":{"line":131,"column":0},"end":{"line":131,"column":8}},"131":{"start":{"line":132,"column":0},"end":{"line":132,"column":14}},"132":{"start":{"line":133,"column":0},"end":{"line":133,"column":4}},"133":{"start":{"line":134,"column":0},"end":{"line":134,"column":1}}},"s":{"0":0,"1":0,"2":0,"3":0,"4":0,"5":0,"6":0,"7":0,"8":0,"9":0,"10":0,"11":0,"12":0,"13":0,"14":0,"15":0,"16":0,"17":0,"18":0,"19":0,"20":0,"21":0,"22":0,"23":0,"24":0,"25":0,"26":0,"27":0,"28":0,"29":0,"30":0,"31":0,"32":0,"33":0,"34":0,"35":0,"36":0,"37":0,"38":0,"39":0,"40":0,"41":0,"42":0,"43":0,"44":0,"45":0,"46":0,"47":0,"48":0,"49":0,"50":0,"51":0,"52":0,"53":0,"54":0,"55":0,"56":0,"57":0,"58":0,"59":0,"60":0,"61":0,"62":0,"63":0,"64":0,"65":0,"66":0,"67":0,"68":0,"69":0,"70":0,"71":0,"72":0,"73":0,"74":0,"75":0,"76":0,"77":0,"78":0,"79":0,"80":0,"81":0,"82":0,"83":0,"84":0,"85":0,"86":0,"87":0,"88":0,"89":0,"90":0,"91":0,"92":0,"93":0,"94":0,"95":0,"96":0,"97":0,"98":0,"99":0,"100":0,"101":0,"102":0,"103":0,"104":0,"105":0,"106":0,"107":0,"108":0,"109":0,"110":0,"111":0,"112":0,"113":0,"114":0,"115":0,"116":0,"117":0,"118":0,"119":0,"120":0,"121":0,"122":0,"123":0,"124":0,"125":0,"126":0,"127":0,"128":0,"129":0,"130":0,"131":0,"132":0,"133":0},"branchMap":{"0":{"type":"branch","line":1,"loc":{"start":{"line":1,"column":0},"end":{"line":134,"column":1}},"locations":[{"start":{"line":1,"column":0},"end":{"line":134,"column":1}}]}},"b":{"0":[0]},"fnMap":{"0":{"name":"(empty-report)","decl":{"start":{"line":1,"column":0},"end":{"line":134,"column":1}},"loc":{"start":{"line":1,"column":0},"end":{"line":134,"column":1}},"line":1}},"f":{"0":0}}
,"F:\\coding projects\\논문 작성 서포터\\app\\src\\shared\\externalUrlPolicy.ts": {"path":"F:\\coding projects\\논문 작성 서포터\\app\\src\\shared\\externalUrlPolicy.ts","all":false,"statementMap":{"13":{"start":{"line":14,"column":0},"end":{"line":14,"column":60}},"14":{"start":{"line":15,"column":0},"end":{"line":15,"column":7}},"15":{"start":{"line":16,"column":0},"end":{"line":16,"column":46}},"16":{"start":{"line":17,"column":0},"end":{"line":17,"column":11}},"17":{"start":{"line":18,"column":0},"end":{"line":18,"column":17}},"18":{"start":{"line":19,"column":0},"end":{"line":19,"column":3}},"19":{"start":{"line":20,"column":0},"end":{"line":20,"column":1}}},"s":{"13":1,"14":8,"15":8,"16":8,"17":2,"18":2,"19":8},"branchMap":{"0":{"type":"branch","line":14,"loc":{"start":{"line":14,"column":7},"end":{"line":20,"column":1}},"locations":[{"start":{"line":14,"column":7},"end":{"line":20,"column":1}}]},"1":{"type":"branch","line":17,"loc":{"start":{"line":17,"column":2},"end":{"line":19,"column":3}},"locations":[{"start":{"line":17,"column":2},"end":{"line":19,"column":3}}]}},"b":{"0":[8],"1":[2]},"fnMap":{"0":{"name":"isAllowedExternalUrl","decl":{"start":{"line":14,"column":7},"end":{"line":20,"column":1}},"loc":{"start":{"line":14,"column":7},"end":{"line":20,"column":1}},"line":14}},"f":{"0":8}}
,"F:\\coding projects\\논문 작성 서포터\\app\\src\\shared\\ipc-channels.ts": {"path":"F:\\coding projects\\논문 작성 서포터\\app\\src\\shared\\ipc-channels.ts","all":false,"statementMap":{"15":{"start":{"line":16,"column":0},"end":{"line":16,"column":28}},"17":{"start":{"line":18,"column":0},"end":{"line":18,"column":49}},"19":{"start":{"line":20,"column":0},"end":{"line":20,"column":67}},"21":{"start":{"line":22,"column":0},"end":{"line":22,"column":45}},"23":{"start":{"line":24,"column":0},"end":{"line":24,"column":25}},"25":{"start":{"line":26,"column":0},"end":{"line":26,"column":31}},"27":{"start":{"line":28,"column":0},"end":{"line":28,"column":41}},"29":{"start":{"line":30,"column":0},"end":{"line":30,"column":47}},"30":{"start":{"line":31,"column":0},"end":{"line":31,"column":11}}},"s":{"15":1,"17":1,"19":1,"21":1,"23":1,"25":1,"27":1,"29":1,"30":1},"branchMap":{},"b":{},"fnMap":{},"f":{}}
,"F:\\coding projects\\논문 작성 서포터\\app\\src\\shared\\thesisApi.ts": {"path":"F:\\coding projects\\논문 작성 서포터\\app\\src\\shared\\thesisApi.ts","all":true,"statementMap":{"0":{"start":{"line":1,"column":0},"end":{"line":1,"column":3}},"1":{"start":{"line":2,"column":0},"end":{"line":2,"column":68}},"2":{"start":{"line":3,"column":0},"end":{"line":3,"column":71}},"3":{"start":{"line":4,"column":0},"end":{"line":4,"column":73}},"4":{"start":{"line":5,"column":0},"end":{"line":5,"column":54}},"5":{"start":{"line":6,"column":0},"end":{"line":6,"column":3}},"6":{"start":{"line":7,"column":0},"end":{"line":7,"column":0}},"7":{"start":{"line":8,"column":0},"end":{"line":8,"column":13}},"8":{"start":{"line":9,"column":0},"end":{"line":9,"column":17}},"9":{"start":{"line":10,"column":0},"end":{"line":10,"column":13}},"10":{"start":{"line":11,"column":0},"end":{"line":11,"column":17}},"11":{"start":{"line":12,"column":0},"end":{"line":12,"column":26}},"12":{"start":{"line":13,"column":0},"end":{"line":13,"column":20}},"13":{"start":{"line":14,"column":0},"end":{"line":14,"column":27}},"14":{"start":{"line":15,"column":0},"end":{"line":15,"column":15}},"15":{"start":{"line":16,"column":0},"end":{"line":16,"column":24}},"16":{"start":{"line":17,"column":0},"end":{"line":17,"column":0}},"17":{"start":{"line":18,"column":0},"end":{"line":18,"column":28}},"18":{"start":{"line":19,"column":0},"end":{"line":19,"column":76}},"19":{"start":{"line":20,"column":0},"end":{"line":20,"column":43}},"20":{"start":{"line":21,"column":0},"end":{"line":21,"column":74}},"21":{"start":{"line":22,"column":0},"end":{"line":22,"column":113}},"22":{"start":{"line":23,"column":0},"end":{"line":23,"column":74}},"23":{"start":{"line":24,"column":0},"end":{"line":24,"column":34}},"24":{"start":{"line":25,"column":0},"end":{"line":25,"column":73}},"25":{"start":{"line":26,"column":0},"end":{"line":26,"column":50}},"26":{"start":{"line":27,"column":0},"end":{"line":27,"column":77}},"27":{"start":{"line":28,"column":0},"end":{"line":28,"column":114}},"28":{"start":{"line":29,"column":0},"end":{"line":29,"column":48}},"29":{"start":{"line":30,"column":0},"end":{"line":30,"column":57}},"30":{"start":{"line":31,"column":0},"end":{"line":31,"column":1}}},"s":{"0":0,"1":0,"2":0,"3":0,"4":0,"5":0,"6":0,"7":0,"8":0,"9":0,"10":0,"11":0,"12":0,"13":0,"14":0,"15":0,"16":0,"17":0,"18":0,"19":0,"20":0,"21":0,"22":0,"23":0,"24":0,"25":0,"26":0,"27":0,"28":0,"29":0,"30":0},"branchMap":{"0":{"type":"branch","line":1,"loc":{"start":{"line":1,"column":0},"end":{"line":31,"column":1}},"locations":[{"start":{"line":1,"column":0},"end":{"line":31,"column":1}}]}},"b":{"0":[0]},"fnMap":{"0":{"name":"(empty-report)","decl":{"start":{"line":1,"column":0},"end":{"line":31,"column":1}},"loc":{"start":{"line":1,"column":0},"end":{"line":31,"column":1}},"line":1}},"f":{"0":0}}
,"F:\\coding projects\\논문 작성 서포터\\app\\src\\shared\\types.ts": {"path":"F:\\coding projects\\논문 작성 서포터\\app\\src\\shared\\types.ts","all":true,"statementMap":{"0":{"start":{"line":1,"column":0},"end":{"line":1,"column":3}},"1":{"start":{"line":2,"column":0},"end":{"line":2,"column":69}},"2":{"start":{"line":3,"column":0},"end":{"line":3,"column":2}},"3":{"start":{"line":4,"column":0},"end":{"line":4,"column":73}},"4":{"start":{"line":5,"column":0},"end":{"line":5,"column":72}},"5":{"start":{"line":6,"column":0},"end":{"line":6,"column":74}},"6":{"start":{"line":7,"column":0},"end":{"line":7,"column":19}},"7":{"start":{"line":8,"column":0},"end":{"line":8,"column":3}},"8":{"start":{"line":9,"column":0},"end":{"line":9,"column":0}},"9":{"start":{"line":10,"column":0},"end":{"line":10,"column":85}},"10":{"start":{"line":11,"column":0},"end":{"line":11,"column":27}},"11":{"start":{"line":12,"column":0},"end":{"line":12,"column":87}},"12":{"start":{"line":13,"column":0},"end":{"line":13,"column":15}},"13":{"start":{"line":14,"column":0},"end":{"line":14,"column":59}},"14":{"start":{"line":15,"column":0},"end":{"line":15,"column":17}},"15":{"start":{"line":16,"column":0},"end":{"line":16,"column":73}},"16":{"start":{"line":17,"column":0},"end":{"line":17,"column":18}},"17":{"start":{"line":18,"column":0},"end":{"line":18,"column":65}},"18":{"start":{"line":19,"column":0},"end":{"line":19,"column":20}},"19":{"start":{"line":20,"column":0},"end":{"line":20,"column":47}},"20":{"start":{"line":21,"column":0},"end":{"line":21,"column":23}},"21":{"start":{"line":22,"column":0},"end":{"line":22,"column":1}}},"s":{"0":0,"1":0,"2":0,"3":0,"4":0,"5":0,"6":0,"7":0,"8":0,"9":0,"10":0,"11":0,"12":0,"13":0,"14":0,"15":0,"16":0,"17":0,"18":0,"19":0,"20":0,"21":0},"branchMap":{"0":{"type":"branch","line":1,"loc":{"start":{"line":1,"column":0},"end":{"line":22,"column":1}},"locations":[{"start":{"line":1,"column":0},"end":{"line":22,"column":1}}]}},"b":{"0":[0]},"fnMap":{"0":{"name":"(empty-report)","decl":{"start":{"line":1,"column":0},"end":{"line":22,"column":1}},"loc":{"start":{"line":1,"column":0},"end":{"line":22,"column":1}},"line":1}},"f":{"0":0}}
}
